{"C:\\Users\\ricar.DESKTOP-31GJDR8\\Desktop\\react projects\\react-movie-db\\src\\App.jsx": {"path":"C:\\Users\\ricar.DESKTOP-31GJDR8\\Desktop\\react projects\\react-movie-db\\src\\App.jsx","statementMap":{"0":{"start":{"line":16,"column":12},"end":{"line":32,"column":1}},"1":{"start":{"line":17,"column":2},"end":{"line":31,"column":4}}},"fnMap":{"0":{"name":"(anonymous_0)","decl":{"start":{"line":16,"column":12},"end":{"line":16,"column":13}},"loc":{"start":{"line":16,"column":18},"end":{"line":32,"column":1}},"line":16}},"branchMap":{},"s":{"0":1,"1":1},"f":{"0":1},"b":{},"_coverageSchema":"43e27e138ebf9cfc5966b082cf9a028302ed4184","hash":"b84e29c32f36d10208c0d02b2b0ab9f9c6b6844b"}
,"C:\\Users\\ricar.DESKTOP-31GJDR8\\Desktop\\react projects\\react-movie-db\\src\\index.jsx": {"path":"C:\\Users\\ricar.DESKTOP-31GJDR8\\Desktop\\react projects\\react-movie-db\\src\\index.jsx","statementMap":{"0":{"start":{"line":10,"column":0},"end":{"line":17,"column":2}}},"fnMap":{},"branchMap":{},"s":{"0":0},"f":{},"b":{},"hash":"c7878db24a19bcd3b07f50567936bb6b0b35deed"}
,"C:\\Users\\ricar.DESKTOP-31GJDR8\\Desktop\\react projects\\react-movie-db\\src\\test.jsx": {"path":"C:\\Users\\ricar.DESKTOP-31GJDR8\\Desktop\\react projects\\react-movie-db\\src\\test.jsx","statementMap":{"0":{"start":{"line":4,"column":2},"end":{"line":4,"column":30}}},"fnMap":{"0":{"name":"Test","decl":{"start":{"line":3,"column":24},"end":{"line":3,"column":28}},"loc":{"start":{"line":3,"column":31},"end":{"line":5,"column":1}},"line":3}},"branchMap":{},"s":{"0":0},"f":{"0":0},"b":{},"hash":"6ea69897a42c7076d66345c106ddd6d04893bf73"}
,"C:\\Users\\ricar.DESKTOP-31GJDR8\\Desktop\\react projects\\react-movie-db\\src\\components\\Carousel\\Carousel.jsx": {"path":"C:\\Users\\ricar.DESKTOP-31GJDR8\\Desktop\\react projects\\react-movie-db\\src\\components\\Carousel\\Carousel.jsx","statementMap":{"0":{"start":{"line":13,"column":17},"end":{"line":103,"column":1}},"1":{"start":{"line":14,"column":28},"end":{"line":14,"column":40}},"2":{"start":{"line":15,"column":28},"end":{"line":15,"column":39}},"3":{"start":{"line":17,"column":25},"end":{"line":24,"column":3}},"4":{"start":{"line":19,"column":18},"end":{"line":19,"column":65}},"5":{"start":{"line":20,"column":23},"end":{"line":20,"column":26}},"6":{"start":{"line":21,"column":6},"end":{"line":21,"column":21}},"7":{"start":{"line":26,"column":2},"end":{"line":28,"column":23}},"8":{"start":{"line":27,"column":4},"end":{"line":27,"column":21}},"9":{"start":{"line":30,"column":2},"end":{"line":40,"column":29}},"10":{"start":{"line":31,"column":4},"end":{"line":39,"column":5}},"11":{"start":{"line":32,"column":24},"end":{"line":32,"column":48}},"12":{"start":{"line":33,"column":6},"end":{"line":35,"column":7}},"13":{"start":{"line":34,"column":8},"end":{"line":34,"column":28}},"14":{"start":{"line":36,"column":6},"end":{"line":38,"column":7}},"15":{"start":{"line":37,"column":8},"end":{"line":37,"column":20}},"16":{"start":{"line":42,"column":2},"end":{"line":49,"column":14}},"17":{"start":{"line":43,"column":19},"end":{"line":45,"column":12}},"18":{"start":{"line":44,"column":6},"end":{"line":44,"column":26}},"19":{"start":{"line":46,"column":4},"end":{"line":48,"column":6}},"20":{"start":{"line":47,"column":6},"end":{"line":47,"column":28}},"21":{"start":{"line":51,"column":2},"end":{"line":53,"column":3}},"22":{"start":{"line":52,"column":4},"end":{"line":52,"column":23}},"23":{"start":{"line":55,"column":2},"end":{"line":102,"column":4}},"24":{"start":{"line":60,"column":66},"end":{"line":60,"column":70}},"25":{"start":{"line":62,"column":12},"end":{"line":64,"column":46}},"26":{"start":{"line":66,"column":25},"end":{"line":66,"column":36}},"27":{"start":{"line":67,"column":10},"end":{"line":69,"column":11}},"28":{"start":{"line":68,"column":12},"end":{"line":68,"column":37}},"29":{"start":{"line":70,"column":10},"end":{"line":75,"column":11}},"30":{"start":{"line":74,"column":12},"end":{"line":74,"column":35}},"31":{"start":{"line":77,"column":10},"end":{"line":84,"column":12}},"32":{"start":{"line":89,"column":25},"end":{"line":89,"column":44}},"33":{"start":{"line":96,"column":25},"end":{"line":96,"column":44}},"34":{"start":{"line":107,"column":0},"end":{"line":110,"column":2}}},"fnMap":{"0":{"name":"(anonymous_0)","decl":{"start":{"line":13,"column":17},"end":{"line":13,"column":18}},"loc":{"start":{"line":13,"column":40},"end":{"line":103,"column":1}},"line":13},"1":{"name":"(anonymous_1)","decl":{"start":{"line":18,"column":4},"end":{"line":18,"column":5}},"loc":{"start":{"line":18,"column":26},"end":{"line":22,"column":5}},"line":18},"2":{"name":"(anonymous_2)","decl":{"start":{"line":26,"column":12},"end":{"line":26,"column":13}},"loc":{"start":{"line":26,"column":18},"end":{"line":28,"column":3}},"line":26},"3":{"name":"(anonymous_3)","decl":{"start":{"line":30,"column":12},"end":{"line":30,"column":13}},"loc":{"start":{"line":30,"column":18},"end":{"line":40,"column":3}},"line":30},"4":{"name":"(anonymous_4)","decl":{"start":{"line":42,"column":12},"end":{"line":42,"column":13}},"loc":{"start":{"line":42,"column":18},"end":{"line":49,"column":3}},"line":42},"5":{"name":"(anonymous_5)","decl":{"start":{"line":43,"column":31},"end":{"line":43,"column":32}},"loc":{"start":{"line":43,"column":37},"end":{"line":45,"column":5}},"line":43},"6":{"name":"(anonymous_6)","decl":{"start":{"line":46,"column":11},"end":{"line":46,"column":12}},"loc":{"start":{"line":46,"column":17},"end":{"line":48,"column":5}},"line":46},"7":{"name":"(anonymous_7)","decl":{"start":{"line":59,"column":27},"end":{"line":59,"column":28}},"loc":{"start":{"line":59,"column":48},"end":{"line":85,"column":9}},"line":59},"8":{"name":"(anonymous_8)","decl":{"start":{"line":89,"column":19},"end":{"line":89,"column":20}},"loc":{"start":{"line":89,"column":25},"end":{"line":89,"column":44}},"line":89},"9":{"name":"(anonymous_9)","decl":{"start":{"line":96,"column":19},"end":{"line":96,"column":20}},"loc":{"start":{"line":96,"column":25},"end":{"line":96,"column":44}},"line":96}},"branchMap":{"0":{"loc":{"start":{"line":18,"column":11},"end":{"line":18,"column":21}},"type":"default-arg","locations":[{"start":{"line":18,"column":18},"end":{"line":18,"column":21}}],"line":18},"1":{"loc":{"start":{"line":31,"column":4},"end":{"line":39,"column":5}},"type":"if","locations":[{"start":{"line":31,"column":4},"end":{"line":39,"column":5}},{"start":{"line":31,"column":4},"end":{"line":39,"column":5}}],"line":31},"2":{"loc":{"start":{"line":33,"column":6},"end":{"line":35,"column":7}},"type":"if","locations":[{"start":{"line":33,"column":6},"end":{"line":35,"column":7}},{"start":{"line":33,"column":6},"end":{"line":35,"column":7}}],"line":33},"3":{"loc":{"start":{"line":36,"column":6},"end":{"line":38,"column":7}},"type":"if","locations":[{"start":{"line":36,"column":6},"end":{"line":38,"column":7}},{"start":{"line":36,"column":6},"end":{"line":38,"column":7}}],"line":36},"4":{"loc":{"start":{"line":51,"column":2},"end":{"line":53,"column":3}},"type":"if","locations":[{"start":{"line":51,"column":2},"end":{"line":53,"column":3}},{"start":{"line":51,"column":2},"end":{"line":53,"column":3}}],"line":51},"5":{"loc":{"start":{"line":62,"column":12},"end":{"line":64,"column":46}},"type":"cond-expr","locations":[{"start":{"line":63,"column":16},"end":{"line":63,"column":88}},{"start":{"line":64,"column":16},"end":{"line":64,"column":46}}],"line":62},"6":{"loc":{"start":{"line":67,"column":10},"end":{"line":69,"column":11}},"type":"if","locations":[{"start":{"line":67,"column":10},"end":{"line":69,"column":11}},{"start":{"line":67,"column":10},"end":{"line":69,"column":11}}],"line":67},"7":{"loc":{"start":{"line":70,"column":10},"end":{"line":75,"column":11}},"type":"if","locations":[{"start":{"line":70,"column":10},"end":{"line":75,"column":11}},{"start":{"line":70,"column":10},"end":{"line":75,"column":11}}],"line":70},"8":{"loc":{"start":{"line":71,"column":12},"end":{"line":72,"column":59}},"type":"binary-expr","locations":[{"start":{"line":71,"column":12},"end":{"line":71,"column":35}},{"start":{"line":72,"column":13},"end":{"line":72,"column":24}},{"start":{"line":72,"column":28},"end":{"line":72,"column":58}}],"line":71}},"s":{"0":1,"1":0,"2":0,"3":0,"4":0,"5":0,"6":0,"7":0,"8":0,"9":0,"10":0,"11":0,"12":0,"13":0,"14":0,"15":0,"16":0,"17":0,"18":0,"19":0,"20":0,"21":0,"22":0,"23":0,"24":0,"25":0,"26":0,"27":0,"28":0,"29":0,"30":0,"31":0,"32":0,"33":0,"34":1},"f":{"0":0,"1":0,"2":0,"3":0,"4":0,"5":0,"6":0,"7":0,"8":0,"9":0},"b":{"0":[0],"1":[0,0],"2":[0,0],"3":[0,0],"4":[0,0],"5":[0,0],"6":[0,0],"7":[0,0],"8":[0,0,0]},"_coverageSchema":"43e27e138ebf9cfc5966b082cf9a028302ed4184","hash":"17ff469448d416f4d8e7a7add1a70a7d54b55614"}
,"C:\\Users\\ricar.DESKTOP-31GJDR8\\Desktop\\react projects\\react-movie-db\\src\\components\\Cast\\Cast.jsx": {"path":"C:\\Users\\ricar.DESKTOP-31GJDR8\\Desktop\\react projects\\react-movie-db\\src\\components\\Cast\\Cast.jsx","statementMap":{"0":{"start":{"line":9,"column":13},"end":{"line":31,"column":1}},"1":{"start":{"line":10,"column":2},"end":{"line":30,"column":4}},"2":{"start":{"line":16,"column":12},"end":{"line":18,"column":46}},"3":{"start":{"line":20,"column":10},"end":{"line":26,"column":12}},"4":{"start":{"line":33,"column":0},"end":{"line":35,"column":2}}},"fnMap":{"0":{"name":"(anonymous_0)","decl":{"start":{"line":9,"column":13},"end":{"line":9,"column":14}},"loc":{"start":{"line":9,"column":27},"end":{"line":31,"column":1}},"line":9},"1":{"name":"(anonymous_1)","decl":{"start":{"line":14,"column":18},"end":{"line":14,"column":19}},"loc":{"start":{"line":14,"column":72},"end":{"line":27,"column":9}},"line":14}},"branchMap":{"0":{"loc":{"start":{"line":16,"column":12},"end":{"line":18,"column":46}},"type":"cond-expr","locations":[{"start":{"line":17,"column":16},"end":{"line":17,"column":88}},{"start":{"line":18,"column":16},"end":{"line":18,"column":46}}],"line":16}},"s":{"0":1,"1":0,"2":0,"3":0,"4":1},"f":{"0":0,"1":0},"b":{"0":[0,0]},"_coverageSchema":"43e27e138ebf9cfc5966b082cf9a028302ed4184","hash":"0094921824d72a18a8aff55dd7ef5fc91d8e83d0"}
,"C:\\Users\\ricar.DESKTOP-31GJDR8\\Desktop\\react projects\\react-movie-db\\src\\components\\Featured\\Featured.jsx": {"path":"C:\\Users\\ricar.DESKTOP-31GJDR8\\Desktop\\react projects\\react-movie-db\\src\\components\\Featured\\Featured.jsx","statementMap":{"0":{"start":{"line":13,"column":17},"end":{"line":91,"column":1}},"1":{"start":{"line":14,"column":28},"end":{"line":14,"column":40}},"2":{"start":{"line":15,"column":30},"end":{"line":15,"column":45}},"3":{"start":{"line":17,"column":25},"end":{"line":25,"column":3}},"4":{"start":{"line":19,"column":18},"end":{"line":19,"column":73}},"5":{"start":{"line":20,"column":23},"end":{"line":20,"column":26}},"6":{"start":{"line":21,"column":6},"end":{"line":21,"column":21}},"7":{"start":{"line":22,"column":6},"end":{"line":22,"column":25}},"8":{"start":{"line":27,"column":2},"end":{"line":29,"column":23}},"9":{"start":{"line":28,"column":4},"end":{"line":28,"column":21}},"10":{"start":{"line":31,"column":2},"end":{"line":33,"column":3}},"11":{"start":{"line":32,"column":4},"end":{"line":32,"column":23}},"12":{"start":{"line":34,"column":2},"end":{"line":90,"column":4}},"13":{"start":{"line":44,"column":27},"end":{"line":44,"column":48}},"14":{"start":{"line":53,"column":27},"end":{"line":53,"column":49}},"15":{"start":{"line":72,"column":14},"end":{"line":74,"column":48}},"16":{"start":{"line":76,"column":12},"end":{"line":85,"column":14}},"17":{"start":{"line":95,"column":0},"end":{"line":98,"column":2}}},"fnMap":{"0":{"name":"(anonymous_0)","decl":{"start":{"line":13,"column":17},"end":{"line":13,"column":18}},"loc":{"start":{"line":13,"column":47},"end":{"line":91,"column":1}},"line":13},"1":{"name":"(anonymous_1)","decl":{"start":{"line":18,"column":4},"end":{"line":18,"column":5}},"loc":{"start":{"line":18,"column":31},"end":{"line":23,"column":5}},"line":18},"2":{"name":"(anonymous_2)","decl":{"start":{"line":27,"column":12},"end":{"line":27,"column":13}},"loc":{"start":{"line":27,"column":18},"end":{"line":29,"column":3}},"line":27},"3":{"name":"(anonymous_3)","decl":{"start":{"line":44,"column":21},"end":{"line":44,"column":22}},"loc":{"start":{"line":44,"column":27},"end":{"line":44,"column":48}},"line":44},"4":{"name":"(anonymous_4)","decl":{"start":{"line":53,"column":21},"end":{"line":53,"column":22}},"loc":{"start":{"line":53,"column":27},"end":{"line":53,"column":49}},"line":53},"5":{"name":"(anonymous_5)","decl":{"start":{"line":61,"column":10},"end":{"line":61,"column":11}},"loc":{"start":{"line":70,"column":16},"end":{"line":86,"column":11}},"line":70}},"branchMap":{"0":{"loc":{"start":{"line":18,"column":11},"end":{"line":18,"column":26}},"type":"default-arg","locations":[{"start":{"line":18,"column":21},"end":{"line":18,"column":26}}],"line":18},"1":{"loc":{"start":{"line":31,"column":2},"end":{"line":33,"column":3}},"type":"if","locations":[{"start":{"line":31,"column":2},"end":{"line":33,"column":3}},{"start":{"line":31,"column":2},"end":{"line":33,"column":3}}],"line":31},"2":{"loc":{"start":{"line":43,"column":26},"end":{"line":43,"column":58}},"type":"cond-expr","locations":[{"start":{"line":43,"column":45},"end":{"line":43,"column":53}},{"start":{"line":43,"column":56},"end":{"line":43,"column":58}}],"line":43},"3":{"loc":{"start":{"line":52,"column":26},"end":{"line":52,"column":59}},"type":"cond-expr","locations":[{"start":{"line":52,"column":46},"end":{"line":52,"column":54}},{"start":{"line":52,"column":57},"end":{"line":52,"column":59}}],"line":52},"4":{"loc":{"start":{"line":72,"column":14},"end":{"line":74,"column":48}},"type":"cond-expr","locations":[{"start":{"line":73,"column":18},"end":{"line":73,"column":90}},{"start":{"line":74,"column":18},"end":{"line":74,"column":48}}],"line":72},"5":{"loc":{"start":{"line":79,"column":21},"end":{"line":79,"column":34}},"type":"binary-expr","locations":[{"start":{"line":79,"column":21},"end":{"line":79,"column":26}},{"start":{"line":79,"column":30},"end":{"line":79,"column":34}}],"line":79},"6":{"loc":{"start":{"line":82,"column":22},"end":{"line":82,"column":49}},"type":"binary-expr","locations":[{"start":{"line":82,"column":22},"end":{"line":82,"column":33}},{"start":{"line":82,"column":37},"end":{"line":82,"column":49}}],"line":82}},"s":{"0":2,"1":1,"2":1,"3":1,"4":1,"5":0,"6":0,"7":0,"8":1,"9":1,"10":1,"11":1,"12":0,"13":0,"14":0,"15":0,"16":0,"17":2},"f":{"0":1,"1":1,"2":1,"3":0,"4":0,"5":0},"b":{"0":[1],"1":[1,0],"2":[0,0],"3":[0,0],"4":[0,0],"5":[0,0],"6":[0,0]},"_coverageSchema":"43e27e138ebf9cfc5966b082cf9a028302ed4184","hash":"9a4140d0efc1c0303f2457e973260c80d9d5f472"}
,"C:\\Users\\ricar.DESKTOP-31GJDR8\\Desktop\\react projects\\react-movie-db\\src\\components\\Footer\\Footer.jsx": {"path":"C:\\Users\\ricar.DESKTOP-31GJDR8\\Desktop\\react projects\\react-movie-db\\src\\components\\Footer\\Footer.jsx","statementMap":{"0":{"start":{"line":5,"column":15},"end":{"line":15,"column":1}},"1":{"start":{"line":6,"column":2},"end":{"line":14,"column":4}}},"fnMap":{"0":{"name":"(anonymous_0)","decl":{"start":{"line":5,"column":15},"end":{"line":5,"column":16}},"loc":{"start":{"line":5,"column":21},"end":{"line":15,"column":1}},"line":5}},"branchMap":{},"s":{"0":1,"1":0},"f":{"0":0},"b":{},"_coverageSchema":"43e27e138ebf9cfc5966b082cf9a028302ed4184","hash":"25d29fe5bea3877ac4272de92ad8627443219fbd"}
,"C:\\Users\\ricar.DESKTOP-31GJDR8\\Desktop\\react projects\\react-movie-db\\src\\components\\Loading\\Loading.jsx": {"path":"C:\\Users\\ricar.DESKTOP-31GJDR8\\Desktop\\react projects\\react-movie-db\\src\\components\\Loading\\Loading.jsx","statementMap":{"0":{"start":{"line":7,"column":16},"end":{"line":13,"column":1}},"1":{"start":{"line":8,"column":2},"end":{"line":12,"column":4}}},"fnMap":{"0":{"name":"(anonymous_0)","decl":{"start":{"line":7,"column":16},"end":{"line":7,"column":17}},"loc":{"start":{"line":7,"column":22},"end":{"line":13,"column":1}},"line":7}},"branchMap":{},"s":{"0":2,"1":1},"f":{"0":1},"b":{},"_coverageSchema":"43e27e138ebf9cfc5966b082cf9a028302ed4184","hash":"b4c185bc51bd92c4e0b0d6505e72d40bd69be243"}
,"C:\\Users\\ricar.DESKTOP-31GJDR8\\Desktop\\react projects\\react-movie-db\\src\\components\\Navbar\\Navbar.jsx": {"path":"C:\\Users\\ricar.DESKTOP-31GJDR8\\Desktop\\react projects\\react-movie-db\\src\\components\\Navbar\\Navbar.jsx","statementMap":{"0":{"start":{"line":8,"column":15},"end":{"line":45,"column":1}},"1":{"start":{"line":10,"column":47},"end":{"line":10,"column":72}},"2":{"start":{"line":12,"column":17},"end":{"line":12,"column":48}},"3":{"start":{"line":14,"column":2},"end":{"line":44,"column":4}}},"fnMap":{"0":{"name":"(anonymous_0)","decl":{"start":{"line":8,"column":15},"end":{"line":8,"column":16}},"loc":{"start":{"line":8,"column":21},"end":{"line":45,"column":1}},"line":8}},"branchMap":{"0":{"loc":{"start":{"line":12,"column":17},"end":{"line":12,"column":48}},"type":"cond-expr","locations":[{"start":{"line":12,"column":35},"end":{"line":12,"column":43}},{"start":{"line":12,"column":46},"end":{"line":12,"column":48}}],"line":12}},"s":{"0":1,"1":0,"2":0,"3":0},"f":{"0":0},"b":{"0":[0,0]},"_coverageSchema":"43e27e138ebf9cfc5966b082cf9a028302ed4184","hash":"ecf3c0f1c235af721ee01786f20c37651a9c9e3c"}
,"C:\\Users\\ricar.DESKTOP-31GJDR8\\Desktop\\react projects\\react-movie-db\\src\\components\\NowPlaying\\NowPlaying.jsx": {"path":"C:\\Users\\ricar.DESKTOP-31GJDR8\\Desktop\\react projects\\react-movie-db\\src\\components\\NowPlaying\\NowPlaying.jsx","statementMap":{"0":{"start":{"line":13,"column":19},"end":{"line":92,"column":1}},"1":{"start":{"line":14,"column":28},"end":{"line":14,"column":40}},"2":{"start":{"line":15,"column":36},"end":{"line":15,"column":53}},"3":{"start":{"line":17,"column":25},"end":{"line":25,"column":3}},"4":{"start":{"line":19,"column":18},"end":{"line":19,"column":51}},"5":{"start":{"line":20,"column":23},"end":{"line":20,"column":26}},"6":{"start":{"line":21,"column":6},"end":{"line":21,"column":21}},"7":{"start":{"line":22,"column":6},"end":{"line":22,"column":25}},"8":{"start":{"line":27,"column":2},"end":{"line":29,"column":23}},"9":{"start":{"line":28,"column":4},"end":{"line":28,"column":21}},"10":{"start":{"line":31,"column":2},"end":{"line":33,"column":3}},"11":{"start":{"line":32,"column":4},"end":{"line":32,"column":23}},"12":{"start":{"line":34,"column":2},"end":{"line":91,"column":4}},"13":{"start":{"line":43,"column":27},"end":{"line":43,"column":65}},"14":{"start":{"line":51,"column":27},"end":{"line":51,"column":61}},"15":{"start":{"line":69,"column":14},"end":{"line":71,"column":48}},"16":{"start":{"line":73,"column":12},"end":{"line":86,"column":14}},"17":{"start":{"line":96,"column":0},"end":{"line":98,"column":2}}},"fnMap":{"0":{"name":"(anonymous_0)","decl":{"start":{"line":13,"column":19},"end":{"line":13,"column":20}},"loc":{"start":{"line":13,"column":38},"end":{"line":92,"column":1}},"line":13},"1":{"name":"(anonymous_1)","decl":{"start":{"line":18,"column":4},"end":{"line":18,"column":5}},"loc":{"start":{"line":18,"column":52},"end":{"line":23,"column":5}},"line":18},"2":{"name":"(anonymous_2)","decl":{"start":{"line":27,"column":12},"end":{"line":27,"column":13}},"loc":{"start":{"line":27,"column":18},"end":{"line":29,"column":3}},"line":27},"3":{"name":"(anonymous_3)","decl":{"start":{"line":43,"column":21},"end":{"line":43,"column":22}},"loc":{"start":{"line":43,"column":27},"end":{"line":43,"column":65}},"line":43},"4":{"name":"(anonymous_4)","decl":{"start":{"line":51,"column":21},"end":{"line":51,"column":22}},"loc":{"start":{"line":51,"column":27},"end":{"line":51,"column":61}},"line":51},"5":{"name":"(anonymous_5)","decl":{"start":{"line":59,"column":10},"end":{"line":59,"column":11}},"loc":{"start":{"line":67,"column":16},"end":{"line":87,"column":11}},"line":67}},"branchMap":{"0":{"loc":{"start":{"line":18,"column":11},"end":{"line":18,"column":25}},"type":"default-arg","locations":[{"start":{"line":18,"column":18},"end":{"line":18,"column":25}}],"line":18},"1":{"loc":{"start":{"line":18,"column":27},"end":{"line":18,"column":47}},"type":"default-arg","locations":[{"start":{"line":18,"column":34},"end":{"line":18,"column":47}}],"line":18},"2":{"loc":{"start":{"line":31,"column":2},"end":{"line":33,"column":3}},"type":"if","locations":[{"start":{"line":31,"column":2},"end":{"line":33,"column":3}},{"start":{"line":31,"column":2},"end":{"line":33,"column":3}}],"line":31},"3":{"loc":{"start":{"line":42,"column":26},"end":{"line":42,"column":63}},"type":"cond-expr","locations":[{"start":{"line":42,"column":50},"end":{"line":42,"column":58}},{"start":{"line":42,"column":61},"end":{"line":42,"column":63}}],"line":42},"4":{"loc":{"start":{"line":50,"column":26},"end":{"line":50,"column":60}},"type":"cond-expr","locations":[{"start":{"line":50,"column":47},"end":{"line":50,"column":55}},{"start":{"line":50,"column":58},"end":{"line":50,"column":60}}],"line":50},"5":{"loc":{"start":{"line":69,"column":14},"end":{"line":71,"column":48}},"type":"cond-expr","locations":[{"start":{"line":70,"column":18},"end":{"line":70,"column":90}},{"start":{"line":71,"column":18},"end":{"line":71,"column":48}}],"line":69},"6":{"loc":{"start":{"line":80,"column":21},"end":{"line":80,"column":34}},"type":"binary-expr","locations":[{"start":{"line":80,"column":21},"end":{"line":80,"column":26}},{"start":{"line":80,"column":30},"end":{"line":80,"column":34}}],"line":80},"7":{"loc":{"start":{"line":83,"column":22},"end":{"line":83,"column":49}},"type":"binary-expr","locations":[{"start":{"line":83,"column":22},"end":{"line":83,"column":33}},{"start":{"line":83,"column":37},"end":{"line":83,"column":49}}],"line":83}},"s":{"0":1,"1":0,"2":0,"3":0,"4":0,"5":0,"6":0,"7":0,"8":0,"9":0,"10":0,"11":0,"12":0,"13":0,"14":0,"15":0,"16":0,"17":1},"f":{"0":0,"1":0,"2":0,"3":0,"4":0,"5":0},"b":{"0":[0],"1":[0],"2":[0,0],"3":[0,0],"4":[0,0],"5":[0,0],"6":[0,0],"7":[0,0]},"_coverageSchema":"43e27e138ebf9cfc5966b082cf9a028302ed4184","hash":"8cc76f1db110a01931df2a773c07f765fb008732"}
,"C:\\Users\\ricar.DESKTOP-31GJDR8\\Desktop\\react projects\\react-movie-db\\src\\components\\Popular\\Popular.jsx": {"path":"C:\\Users\\ricar.DESKTOP-31GJDR8\\Desktop\\react projects\\react-movie-db\\src\\components\\Popular\\Popular.jsx","statementMap":{"0":{"start":{"line":14,"column":16},"end":{"line":67,"column":1}},"1":{"start":{"line":15,"column":28},"end":{"line":15,"column":40}},"2":{"start":{"line":17,"column":25},"end":{"line":24,"column":3}},"3":{"start":{"line":19,"column":18},"end":{"line":19,"column":60}},"4":{"start":{"line":20,"column":23},"end":{"line":20,"column":26}},"5":{"start":{"line":21,"column":6},"end":{"line":21,"column":21}},"6":{"start":{"line":26,"column":2},"end":{"line":28,"column":23}},"7":{"start":{"line":27,"column":4},"end":{"line":27,"column":21}},"8":{"start":{"line":30,"column":2},"end":{"line":32,"column":3}},"9":{"start":{"line":31,"column":4},"end":{"line":31,"column":23}},"10":{"start":{"line":33,"column":2},"end":{"line":66,"column":4}},"11":{"start":{"line":48,"column":14},"end":{"line":50,"column":48}},"12":{"start":{"line":52,"column":12},"end":{"line":61,"column":14}},"13":{"start":{"line":71,"column":0},"end":{"line":75,"column":2}}},"fnMap":{"0":{"name":"(anonymous_0)","decl":{"start":{"line":14,"column":16},"end":{"line":14,"column":17}},"loc":{"start":{"line":14,"column":57},"end":{"line":67,"column":1}},"line":14},"1":{"name":"(anonymous_1)","decl":{"start":{"line":18,"column":4},"end":{"line":18,"column":5}},"loc":{"start":{"line":18,"column":26},"end":{"line":22,"column":5}},"line":18},"2":{"name":"(anonymous_2)","decl":{"start":{"line":26,"column":12},"end":{"line":26,"column":13}},"loc":{"start":{"line":26,"column":18},"end":{"line":28,"column":3}},"line":26},"3":{"name":"(anonymous_3)","decl":{"start":{"line":38,"column":10},"end":{"line":38,"column":11}},"loc":{"start":{"line":46,"column":16},"end":{"line":62,"column":11}},"line":46}},"branchMap":{"0":{"loc":{"start":{"line":18,"column":11},"end":{"line":18,"column":21}},"type":"default-arg","locations":[{"start":{"line":18,"column":18},"end":{"line":18,"column":21}}],"line":18},"1":{"loc":{"start":{"line":30,"column":2},"end":{"line":32,"column":3}},"type":"if","locations":[{"start":{"line":30,"column":2},"end":{"line":32,"column":3}},{"start":{"line":30,"column":2},"end":{"line":32,"column":3}}],"line":30},"2":{"loc":{"start":{"line":48,"column":14},"end":{"line":50,"column":48}},"type":"cond-expr","locations":[{"start":{"line":49,"column":18},"end":{"line":49,"column":90}},{"start":{"line":50,"column":18},"end":{"line":50,"column":48}}],"line":48},"3":{"loc":{"start":{"line":55,"column":21},"end":{"line":55,"column":34}},"type":"binary-expr","locations":[{"start":{"line":55,"column":21},"end":{"line":55,"column":26}},{"start":{"line":55,"column":30},"end":{"line":55,"column":34}}],"line":55},"4":{"loc":{"start":{"line":58,"column":22},"end":{"line":58,"column":49}},"type":"binary-expr","locations":[{"start":{"line":58,"column":22},"end":{"line":58,"column":33}},{"start":{"line":58,"column":37},"end":{"line":58,"column":49}}],"line":58}},"s":{"0":1,"1":0,"2":0,"3":0,"4":0,"5":0,"6":0,"7":0,"8":0,"9":0,"10":0,"11":0,"12":0,"13":1},"f":{"0":0,"1":0,"2":0,"3":0},"b":{"0":[0],"1":[0,0],"2":[0,0],"3":[0,0],"4":[0,0]},"_coverageSchema":"43e27e138ebf9cfc5966b082cf9a028302ed4184","hash":"722a0d838c8e48243536c79fd383c4591231dcd7"}
,"C:\\Users\\ricar.DESKTOP-31GJDR8\\Desktop\\react projects\\react-movie-db\\src\\components\\SingleMovieOld\\SingleMovie.jsx": {"path":"C:\\Users\\ricar.DESKTOP-31GJDR8\\Desktop\\react projects\\react-movie-db\\src\\components\\SingleMovieOld\\SingleMovie.jsx","statementMap":{"0":{"start":{"line":9,"column":20},"end":{"line":167,"column":1}},"1":{"start":{"line":10,"column":13},"end":{"line":10,"column":28}},"2":{"start":{"line":11,"column":28},"end":{"line":11,"column":40}},"3":{"start":{"line":12,"column":28},"end":{"line":12,"column":62}},"4":{"start":{"line":13,"column":36},"end":{"line":13,"column":50}},"5":{"start":{"line":15,"column":21},"end":{"line":33,"column":44}},"6":{"start":{"line":16,"column":16},"end":{"line":16,"column":104}},"7":{"start":{"line":18,"column":4},"end":{"line":18,"column":23}},"8":{"start":{"line":20,"column":4},"end":{"line":32,"column":5}},"9":{"start":{"line":21,"column":18},"end":{"line":21,"column":34}},"10":{"start":{"line":22,"column":19},"end":{"line":22,"column":35}},"11":{"start":{"line":23,"column":6},"end":{"line":28,"column":7}},"12":{"start":{"line":24,"column":8},"end":{"line":24,"column":23}},"13":{"start":{"line":25,"column":8},"end":{"line":25,"column":43}},"14":{"start":{"line":27,"column":8},"end":{"line":27,"column":50}},"15":{"start":{"line":29,"column":6},"end":{"line":29,"column":26}},"16":{"start":{"line":31,"column":6},"end":{"line":31,"column":23}},"17":{"start":{"line":35,"column":2},"end":{"line":37,"column":19}},"18":{"start":{"line":36,"column":4},"end":{"line":36,"column":17}},"19":{"start":{"line":39,"column":2},"end":{"line":41,"column":3}},"20":{"start":{"line":40,"column":4},"end":{"line":40,"column":23}},"21":{"start":{"line":43,"column":2},"end":{"line":52,"column":3}},"22":{"start":{"line":44,"column":4},"end":{"line":51,"column":6}},"23":{"start":{"line":65,"column":6},"end":{"line":65,"column":11}},"24":{"start":{"line":67,"column":2},"end":{"line":166,"column":4}}},"fnMap":{"0":{"name":"(anonymous_0)","decl":{"start":{"line":9,"column":20},"end":{"line":9,"column":21}},"loc":{"start":{"line":9,"column":35},"end":{"line":167,"column":1}},"line":9},"1":{"name":"(anonymous_1)","decl":{"start":{"line":15,"column":33},"end":{"line":15,"column":34}},"loc":{"start":{"line":15,"column":45},"end":{"line":33,"column":3}},"line":15},"2":{"name":"(anonymous_2)","decl":{"start":{"line":35,"column":12},"end":{"line":35,"column":13}},"loc":{"start":{"line":35,"column":18},"end":{"line":37,"column":3}},"line":35}},"branchMap":{"0":{"loc":{"start":{"line":23,"column":6},"end":{"line":28,"column":7}},"type":"if","locations":[{"start":{"line":23,"column":6},"end":{"line":28,"column":7}},{"start":{"line":23,"column":6},"end":{"line":28,"column":7}}],"line":23},"1":{"loc":{"start":{"line":39,"column":2},"end":{"line":41,"column":3}},"type":"if","locations":[{"start":{"line":39,"column":2},"end":{"line":41,"column":3}},{"start":{"line":39,"column":2},"end":{"line":41,"column":3}}],"line":39},"2":{"loc":{"start":{"line":43,"column":2},"end":{"line":52,"column":3}},"type":"if","locations":[{"start":{"line":43,"column":2},"end":{"line":52,"column":3}},{"start":{"line":43,"column":2},"end":{"line":52,"column":3}}],"line":43},"3":{"loc":{"start":{"line":84,"column":11},"end":{"line":90,"column":11}},"type":"cond-expr","locations":[{"start":{"line":85,"column":12},"end":{"line":85,"column":22}},{"start":{"line":86,"column":14},"end":{"line":90,"column":11}}],"line":84},"4":{"loc":{"start":{"line":86,"column":14},"end":{"line":90,"column":11}},"type":"cond-expr","locations":[{"start":{"line":87,"column":12},"end":{"line":87,"column":25}},{"start":{"line":89,"column":12},"end":{"line":89,"column":29}}],"line":86},"5":{"loc":{"start":{"line":91,"column":11},"end":{"line":97,"column":11}},"type":"cond-expr","locations":[{"start":{"line":92,"column":12},"end":{"line":92,"column":22}},{"start":{"line":93,"column":14},"end":{"line":97,"column":11}}],"line":91},"6":{"loc":{"start":{"line":93,"column":14},"end":{"line":97,"column":11}},"type":"cond-expr","locations":[{"start":{"line":94,"column":12},"end":{"line":94,"column":25}},{"start":{"line":96,"column":12},"end":{"line":96,"column":29}}],"line":93},"7":{"loc":{"start":{"line":98,"column":11},"end":{"line":104,"column":11}},"type":"cond-expr","locations":[{"start":{"line":99,"column":12},"end":{"line":99,"column":22}},{"start":{"line":100,"column":14},"end":{"line":104,"column":11}}],"line":98},"8":{"loc":{"start":{"line":100,"column":14},"end":{"line":104,"column":11}},"type":"cond-expr","locations":[{"start":{"line":101,"column":12},"end":{"line":101,"column":25}},{"start":{"line":103,"column":12},"end":{"line":103,"column":29}}],"line":100},"9":{"loc":{"start":{"line":105,"column":11},"end":{"line":111,"column":11}},"type":"cond-expr","locations":[{"start":{"line":106,"column":12},"end":{"line":106,"column":22}},{"start":{"line":107,"column":14},"end":{"line":111,"column":11}}],"line":105},"10":{"loc":{"start":{"line":107,"column":14},"end":{"line":111,"column":11}},"type":"cond-expr","locations":[{"start":{"line":108,"column":12},"end":{"line":108,"column":25}},{"start":{"line":110,"column":12},"end":{"line":110,"column":29}}],"line":107},"11":{"loc":{"start":{"line":112,"column":11},"end":{"line":118,"column":11}},"type":"cond-expr","locations":[{"start":{"line":113,"column":12},"end":{"line":113,"column":22}},{"start":{"line":114,"column":14},"end":{"line":118,"column":11}}],"line":112},"12":{"loc":{"start":{"line":114,"column":14},"end":{"line":118,"column":11}},"type":"cond-expr","locations":[{"start":{"line":115,"column":12},"end":{"line":115,"column":25}},{"start":{"line":117,"column":12},"end":{"line":117,"column":29}}],"line":114}},"s":{"0":0,"1":0,"2":0,"3":0,"4":0,"5":0,"6":0,"7":0,"8":0,"9":0,"10":0,"11":0,"12":0,"13":0,"14":0,"15":0,"16":0,"17":0,"18":0,"19":0,"20":0,"21":0,"22":0,"23":0,"24":0},"f":{"0":0,"1":0,"2":0},"b":{"0":[0,0],"1":[0,0],"2":[0,0],"3":[0,0],"4":[0,0],"5":[0,0],"6":[0,0],"7":[0,0],"8":[0,0],"9":[0,0],"10":[0,0],"11":[0,0],"12":[0,0]},"hash":"4e0955c922e3c7c2d0dc4318f597fe04ae53e9ef"}
,"C:\\Users\\ricar.DESKTOP-31GJDR8\\Desktop\\react projects\\react-movie-db\\src\\components\\searchMoviesOld\\searchMovies.jsx": {"path":"C:\\Users\\ricar.DESKTOP-31GJDR8\\Desktop\\react projects\\react-movie-db\\src\\components\\searchMoviesOld\\searchMovies.jsx","statementMap":{"0":{"start":{"line":8,"column":36},"end":{"line":8,"column":50}},"1":{"start":{"line":9,"column":28},"end":{"line":9,"column":40}},"2":{"start":{"line":10,"column":28},"end":{"line":10,"column":62}},"3":{"start":{"line":12,"column":30},"end":{"line":12,"column":42}},"4":{"start":{"line":14,"column":23},"end":{"line":33,"column":48}},"5":{"start":{"line":15,"column":16},"end":{"line":15,"column":97}},"6":{"start":{"line":17,"column":4},"end":{"line":17,"column":23}},"7":{"start":{"line":19,"column":4},"end":{"line":32,"column":5}},"8":{"start":{"line":20,"column":18},"end":{"line":20,"column":34}},"9":{"start":{"line":21,"column":19},"end":{"line":21,"column":35}},"10":{"start":{"line":23,"column":6},"end":{"line":28,"column":7}},"11":{"start":{"line":24,"column":8},"end":{"line":24,"column":31}},"12":{"start":{"line":25,"column":8},"end":{"line":25,"column":43}},"13":{"start":{"line":27,"column":8},"end":{"line":27,"column":50}},"14":{"start":{"line":29,"column":6},"end":{"line":29,"column":26}},"15":{"start":{"line":31,"column":6},"end":{"line":31,"column":23}},"16":{"start":{"line":35,"column":2},"end":{"line":41,"column":21}},"17":{"start":{"line":36,"column":20},"end":{"line":38,"column":11}},"18":{"start":{"line":37,"column":6},"end":{"line":37,"column":21}},"19":{"start":{"line":40,"column":4},"end":{"line":40,"column":41}},"20":{"start":{"line":40,"column":17},"end":{"line":40,"column":40}},"21":{"start":{"line":43,"column":21},"end":{"line":45,"column":3}},"22":{"start":{"line":44,"column":4},"end":{"line":44,"column":29}},"23":{"start":{"line":48,"column":28},"end":{"line":63,"column":3}},"24":{"start":{"line":49,"column":4},"end":{"line":62,"column":14}},"25":{"start":{"line":50,"column":33},"end":{"line":54,"column":7}},"26":{"start":{"line":51,"column":8},"end":{"line":53,"column":9}},"27":{"start":{"line":52,"column":10},"end":{"line":52,"column":23}},"28":{"start":{"line":57,"column":6},"end":{"line":57,"column":65}},"29":{"start":{"line":58,"column":6},"end":{"line":61,"column":8}},"30":{"start":{"line":60,"column":8},"end":{"line":60,"column":70}},"31":{"start":{"line":65,"column":21},"end":{"line":65,"column":33}},"32":{"start":{"line":66,"column":2},"end":{"line":66,"column":32}},"33":{"start":{"line":68,"column":2},"end":{"line":119,"column":4}},"34":{"start":{"line":95,"column":56},"end":{"line":95,"column":61}},"35":{"start":{"line":97,"column":20},"end":{"line":99,"column":30}},"36":{"start":{"line":100,"column":18},"end":{"line":111,"column":20}}},"fnMap":{"0":{"name":"SearchMovies","decl":{"start":{"line":7,"column":9},"end":{"line":7,"column":21}},"loc":{"start":{"line":7,"column":24},"end":{"line":120,"column":1}},"line":7},"1":{"name":"(anonymous_1)","decl":{"start":{"line":14,"column":35},"end":{"line":14,"column":36}},"loc":{"start":{"line":14,"column":47},"end":{"line":33,"column":3}},"line":14},"2":{"name":"(anonymous_2)","decl":{"start":{"line":35,"column":12},"end":{"line":35,"column":13}},"loc":{"start":{"line":35,"column":18},"end":{"line":41,"column":3}},"line":35},"3":{"name":"(anonymous_3)","decl":{"start":{"line":36,"column":31},"end":{"line":36,"column":32}},"loc":{"start":{"line":36,"column":37},"end":{"line":38,"column":5}},"line":36},"4":{"name":"(anonymous_4)","decl":{"start":{"line":40,"column":11},"end":{"line":40,"column":12}},"loc":{"start":{"line":40,"column":17},"end":{"line":40,"column":40}},"line":40},"5":{"name":"(anonymous_5)","decl":{"start":{"line":43,"column":21},"end":{"line":43,"column":22}},"loc":{"start":{"line":43,"column":28},"end":{"line":45,"column":3}},"line":43},"6":{"name":"(anonymous_6)","decl":{"start":{"line":48,"column":28},"end":{"line":48,"column":29}},"loc":{"start":{"line":48,"column":37},"end":{"line":63,"column":3}},"line":48},"7":{"name":"(anonymous_7)","decl":{"start":{"line":49,"column":14},"end":{"line":49,"column":15}},"loc":{"start":{"line":49,"column":20},"end":{"line":62,"column":5}},"line":49},"8":{"name":"(anonymous_8)","decl":{"start":{"line":50,"column":33},"end":{"line":50,"column":34}},"loc":{"start":{"line":50,"column":40},"end":{"line":54,"column":7}},"line":50},"9":{"name":"(anonymous_9)","decl":{"start":{"line":58,"column":13},"end":{"line":58,"column":14}},"loc":{"start":{"line":58,"column":19},"end":{"line":61,"column":7}},"line":58},"10":{"name":"(anonymous_10)","decl":{"start":{"line":94,"column":27},"end":{"line":94,"column":28}},"loc":{"start":{"line":94,"column":38},"end":{"line":112,"column":17}},"line":94}},"branchMap":{"0":{"loc":{"start":{"line":23,"column":6},"end":{"line":28,"column":7}},"type":"if","locations":[{"start":{"line":23,"column":6},"end":{"line":28,"column":7}},{"start":{"line":23,"column":6},"end":{"line":28,"column":7}}],"line":23},"1":{"loc":{"start":{"line":51,"column":8},"end":{"line":53,"column":9}},"type":"if","locations":[{"start":{"line":51,"column":8},"end":{"line":53,"column":9}},{"start":{"line":51,"column":8},"end":{"line":53,"column":9}}],"line":51},"2":{"loc":{"start":{"line":51,"column":12},"end":{"line":51,"column":58}},"type":"binary-expr","locations":[{"start":{"line":51,"column":12},"end":{"line":51,"column":23}},{"start":{"line":51,"column":27},"end":{"line":51,"column":58}}],"line":51},"3":{"loc":{"start":{"line":72,"column":36},"end":{"line":72,"column":75}},"type":"cond-expr","locations":[{"start":{"line":72,"column":59},"end":{"line":72,"column":70}},{"start":{"line":72,"column":73},"end":{"line":72,"column":75}}],"line":72},"4":{"loc":{"start":{"line":72,"column":36},"end":{"line":72,"column":56}},"type":"binary-expr","locations":[{"start":{"line":72,"column":36},"end":{"line":72,"column":41}},{"start":{"line":72,"column":45},"end":{"line":72,"column":56}}],"line":72},"5":{"loc":{"start":{"line":86,"column":15},"end":{"line":86,"column":62}},"type":"cond-expr","locations":[{"start":{"line":86,"column":48},"end":{"line":86,"column":57}},{"start":{"line":86,"column":60},"end":{"line":86,"column":62}}],"line":86},"6":{"loc":{"start":{"line":86,"column":15},"end":{"line":86,"column":45}},"type":"binary-expr","locations":[{"start":{"line":86,"column":15},"end":{"line":86,"column":25}},{"start":{"line":86,"column":29},"end":{"line":86,"column":45}}],"line":86},"7":{"loc":{"start":{"line":91,"column":15},"end":{"line":113,"column":15}},"type":"cond-expr","locations":[{"start":{"line":92,"column":16},"end":{"line":92,"column":27}},{"start":{"line":94,"column":16},"end":{"line":112,"column":18}}],"line":91},"8":{"loc":{"start":{"line":97,"column":20},"end":{"line":99,"column":30}},"type":"cond-expr","locations":[{"start":{"line":98,"column":24},"end":{"line":98,"column":96}},{"start":{"line":99,"column":24},"end":{"line":99,"column":30}}],"line":97}},"s":{"0":0,"1":0,"2":0,"3":0,"4":0,"5":0,"6":0,"7":0,"8":0,"9":0,"10":0,"11":0,"12":0,"13":0,"14":0,"15":0,"16":0,"17":0,"18":0,"19":0,"20":0,"21":0,"22":0,"23":0,"24":0,"25":0,"26":0,"27":0,"28":0,"29":0,"30":0,"31":0,"32":0,"33":0,"34":0,"35":0,"36":0},"f":{"0":0,"1":0,"2":0,"3":0,"4":0,"5":0,"6":0,"7":0,"8":0,"9":0,"10":0},"b":{"0":[0,0],"1":[0,0],"2":[0,0],"3":[0,0],"4":[0,0],"5":[0,0],"6":[0,0],"7":[0,0],"8":[0,0]},"hash":"34826dbcd9eddace5c497bf8f201c00009aa3936"}
,"C:\\Users\\ricar.DESKTOP-31GJDR8\\Desktop\\react projects\\react-movie-db\\src\\context\\navbar.context.jsx": {"path":"C:\\Users\\ricar.DESKTOP-31GJDR8\\Desktop\\react projects\\react-movie-db\\src\\context\\navbar.context.jsx","statementMap":{"0":{"start":{"line":6,"column":22},"end":{"line":6,"column":37}},"1":{"start":{"line":8,"column":23},"end":{"line":32,"column":1}},"2":{"start":{"line":9,"column":23},"end":{"line":11,"column":3}},"3":{"start":{"line":13,"column":28},"end":{"line":13,"column":67}},"4":{"start":{"line":15,"column":22},"end":{"line":19,"column":3}},"5":{"start":{"line":16,"column":4},"end":{"line":18,"column":7}},"6":{"start":{"line":21,"column":23},"end":{"line":25,"column":3}},"7":{"start":{"line":22,"column":4},"end":{"line":24,"column":7}},"8":{"start":{"line":27,"column":2},"end":{"line":31,"column":4}}},"fnMap":{"0":{"name":"(anonymous_0)","decl":{"start":{"line":8,"column":23},"end":{"line":8,"column":24}},"loc":{"start":{"line":8,"column":41},"end":{"line":32,"column":1}},"line":8},"1":{"name":"(anonymous_1)","decl":{"start":{"line":15,"column":22},"end":{"line":15,"column":23}},"loc":{"start":{"line":15,"column":28},"end":{"line":19,"column":3}},"line":15},"2":{"name":"(anonymous_2)","decl":{"start":{"line":21,"column":23},"end":{"line":21,"column":24}},"loc":{"start":{"line":21,"column":29},"end":{"line":25,"column":3}},"line":21}},"branchMap":{},"s":{"0":1,"1":1,"2":0,"3":0,"4":0,"5":0,"6":0,"7":0,"8":0},"f":{"0":0,"1":0,"2":0},"b":{},"_coverageSchema":"43e27e138ebf9cfc5966b082cf9a028302ed4184","hash":"2c5599b63d4438141483cba1b792e65d99f2d28d"}
,"C:\\Users\\ricar.DESKTOP-31GJDR8\\Desktop\\react projects\\react-movie-db\\src\\context\\useReducer\\navbar\\navbar-actions.js": {"path":"C:\\Users\\ricar.DESKTOP-31GJDR8\\Desktop\\react projects\\react-movie-db\\src\\context\\useReducer\\navbar\\navbar-actions.js","statementMap":{"0":{"start":{"line":1,"column":22},"end":{"line":1,"column":30}},"1":{"start":{"line":2,"column":21},"end":{"line":2,"column":28}}},"fnMap":{},"branchMap":{},"s":{"0":1,"1":1},"f":{},"b":{},"_coverageSchema":"43e27e138ebf9cfc5966b082cf9a028302ed4184","hash":"6f2ec5a8c51088858ab8eb73f67193506987753a"}
,"C:\\Users\\ricar.DESKTOP-31GJDR8\\Desktop\\react projects\\react-movie-db\\src\\context\\useReducer\\navbar\\navbar-reducer.jsx": {"path":"C:\\Users\\ricar.DESKTOP-31GJDR8\\Desktop\\react projects\\react-movie-db\\src\\context\\useReducer\\navbar\\navbar-reducer.jsx","statementMap":{"0":{"start":{"line":3,"column":22},"end":{"line":18,"column":1}},"1":{"start":{"line":4,"column":2},"end":{"line":17,"column":3}},"2":{"start":{"line":6,"column":6},"end":{"line":9,"column":8}},"3":{"start":{"line":11,"column":6},"end":{"line":14,"column":8}},"4":{"start":{"line":16,"column":6},"end":{"line":16,"column":19}}},"fnMap":{"0":{"name":"(anonymous_0)","decl":{"start":{"line":3,"column":22},"end":{"line":3,"column":23}},"loc":{"start":{"line":3,"column":41},"end":{"line":18,"column":1}},"line":3}},"branchMap":{"0":{"loc":{"start":{"line":4,"column":2},"end":{"line":17,"column":3}},"type":"switch","locations":[{"start":{"line":5,"column":4},"end":{"line":9,"column":8}},{"start":{"line":10,"column":4},"end":{"line":14,"column":8}},{"start":{"line":15,"column":4},"end":{"line":16,"column":19}}],"line":4}},"s":{"0":1,"1":0,"2":0,"3":0,"4":0},"f":{"0":0},"b":{"0":[0,0,0]},"_coverageSchema":"43e27e138ebf9cfc5966b082cf9a028302ed4184","hash":"930200f865c2b3861260270d425daf84f903812a"}
,"C:\\Users\\ricar.DESKTOP-31GJDR8\\Desktop\\react projects\\react-movie-db\\src\\pages\\Home.jsx": {"path":"C:\\Users\\ricar.DESKTOP-31GJDR8\\Desktop\\react projects\\react-movie-db\\src\\pages\\Home.jsx","statementMap":{"0":{"start":{"line":13,"column":13},"end":{"line":135,"column":1}},"1":{"start":{"line":14,"column":34},"end":{"line":14,"column":46}},"2":{"start":{"line":15,"column":28},"end":{"line":15,"column":40}},"3":{"start":{"line":16,"column":28},"end":{"line":16,"column":40}},"4":{"start":{"line":18,"column":23},"end":{"line":18,"column":53}},"5":{"start":{"line":20,"column":21},"end":{"line":24,"column":3}},"6":{"start":{"line":21,"column":16},"end":{"line":21,"column":55}},"7":{"start":{"line":22,"column":21},"end":{"line":22,"column":24}},"8":{"start":{"line":23,"column":4},"end":{"line":23,"column":22}},"9":{"start":{"line":26,"column":20},"end":{"line":32,"column":23}},"10":{"start":{"line":27,"column":4},"end":{"line":31,"column":5}},"11":{"start":{"line":28,"column":18},"end":{"line":28,"column":39}},"12":{"start":{"line":29,"column":23},"end":{"line":29,"column":26}},"13":{"start":{"line":30,"column":6},"end":{"line":30,"column":29}},"14":{"start":{"line":34,"column":2},"end":{"line":36,"column":9}},"15":{"start":{"line":35,"column":4},"end":{"line":35,"column":17}},"16":{"start":{"line":38,"column":2},"end":{"line":44,"column":18}},"17":{"start":{"line":39,"column":22},"end":{"line":41,"column":11}},"18":{"start":{"line":40,"column":6},"end":{"line":40,"column":18}},"19":{"start":{"line":43,"column":4},"end":{"line":43,"column":41}},"20":{"start":{"line":43,"column":17},"end":{"line":43,"column":40}},"21":{"start":{"line":46,"column":23},"end":{"line":48,"column":3}},"22":{"start":{"line":47,"column":4},"end":{"line":47,"column":29}},"23":{"start":{"line":51,"column":28},"end":{"line":66,"column":3}},"24":{"start":{"line":52,"column":4},"end":{"line":65,"column":14}},"25":{"start":{"line":53,"column":33},"end":{"line":57,"column":7}},"26":{"start":{"line":54,"column":8},"end":{"line":56,"column":9}},"27":{"start":{"line":55,"column":10},"end":{"line":55,"column":23}},"28":{"start":{"line":60,"column":6},"end":{"line":60,"column":65}},"29":{"start":{"line":61,"column":6},"end":{"line":64,"column":8}},"30":{"start":{"line":63,"column":8},"end":{"line":63,"column":70}},"31":{"start":{"line":68,"column":21},"end":{"line":68,"column":33}},"32":{"start":{"line":69,"column":2},"end":{"line":69,"column":32}},"33":{"start":{"line":72,"column":2},"end":{"line":74,"column":3}},"34":{"start":{"line":73,"column":4},"end":{"line":73,"column":23}},"35":{"start":{"line":76,"column":2},"end":{"line":134,"column":4}},"36":{"start":{"line":105,"column":22},"end":{"line":105,"column":26}},"37":{"start":{"line":106,"column":37},"end":{"line":108,"column":43}},"38":{"start":{"line":110,"column":18},"end":{"line":122,"column":20}}},"fnMap":{"0":{"name":"(anonymous_0)","decl":{"start":{"line":13,"column":13},"end":{"line":13,"column":14}},"loc":{"start":{"line":13,"column":19},"end":{"line":135,"column":1}},"line":13},"1":{"name":"(anonymous_1)","decl":{"start":{"line":20,"column":21},"end":{"line":20,"column":22}},"loc":{"start":{"line":20,"column":33},"end":{"line":24,"column":3}},"line":20},"2":{"name":"(anonymous_2)","decl":{"start":{"line":26,"column":32},"end":{"line":26,"column":33}},"loc":{"start":{"line":26,"column":44},"end":{"line":32,"column":3}},"line":26},"3":{"name":"(anonymous_3)","decl":{"start":{"line":34,"column":12},"end":{"line":34,"column":13}},"loc":{"start":{"line":34,"column":18},"end":{"line":36,"column":3}},"line":34},"4":{"name":"(anonymous_4)","decl":{"start":{"line":38,"column":12},"end":{"line":38,"column":13}},"loc":{"start":{"line":38,"column":18},"end":{"line":44,"column":3}},"line":38},"5":{"name":"(anonymous_5)","decl":{"start":{"line":39,"column":33},"end":{"line":39,"column":34}},"loc":{"start":{"line":39,"column":39},"end":{"line":41,"column":5}},"line":39},"6":{"name":"(anonymous_6)","decl":{"start":{"line":43,"column":11},"end":{"line":43,"column":12}},"loc":{"start":{"line":43,"column":17},"end":{"line":43,"column":40}},"line":43},"7":{"name":"(anonymous_7)","decl":{"start":{"line":46,"column":23},"end":{"line":46,"column":24}},"loc":{"start":{"line":46,"column":30},"end":{"line":48,"column":3}},"line":46},"8":{"name":"(anonymous_8)","decl":{"start":{"line":51,"column":28},"end":{"line":51,"column":29}},"loc":{"start":{"line":51,"column":37},"end":{"line":66,"column":3}},"line":51},"9":{"name":"(anonymous_9)","decl":{"start":{"line":52,"column":14},"end":{"line":52,"column":15}},"loc":{"start":{"line":52,"column":20},"end":{"line":65,"column":5}},"line":52},"10":{"name":"(anonymous_10)","decl":{"start":{"line":53,"column":33},"end":{"line":53,"column":34}},"loc":{"start":{"line":53,"column":40},"end":{"line":57,"column":7}},"line":53},"11":{"name":"(anonymous_11)","decl":{"start":{"line":61,"column":13},"end":{"line":61,"column":14}},"loc":{"start":{"line":61,"column":19},"end":{"line":64,"column":7}},"line":61},"12":{"name":"(anonymous_12)","decl":{"start":{"line":98,"column":27},"end":{"line":98,"column":28}},"loc":{"start":{"line":98,"column":37},"end":{"line":123,"column":17}},"line":98}},"branchMap":{"0":{"loc":{"start":{"line":27,"column":4},"end":{"line":31,"column":5}},"type":"if","locations":[{"start":{"line":27,"column":4},"end":{"line":31,"column":5}},{"start":{"line":27,"column":4},"end":{"line":31,"column":5}}],"line":27},"1":{"loc":{"start":{"line":54,"column":8},"end":{"line":56,"column":9}},"type":"if","locations":[{"start":{"line":54,"column":8},"end":{"line":56,"column":9}},{"start":{"line":54,"column":8},"end":{"line":56,"column":9}}],"line":54},"2":{"loc":{"start":{"line":54,"column":12},"end":{"line":54,"column":58}},"type":"binary-expr","locations":[{"start":{"line":54,"column":12},"end":{"line":54,"column":23}},{"start":{"line":54,"column":27},"end":{"line":54,"column":58}}],"line":54},"3":{"loc":{"start":{"line":72,"column":2},"end":{"line":74,"column":3}},"type":"if","locations":[{"start":{"line":72,"column":2},"end":{"line":74,"column":3}},{"start":{"line":72,"column":2},"end":{"line":74,"column":3}}],"line":72},"4":{"loc":{"start":{"line":86,"column":38},"end":{"line":86,"column":62}},"type":"cond-expr","locations":[{"start":{"line":86,"column":46},"end":{"line":86,"column":57}},{"start":{"line":86,"column":60},"end":{"line":86,"column":62}}],"line":86},"5":{"loc":{"start":{"line":106,"column":37},"end":{"line":108,"column":43}},"type":"cond-expr","locations":[{"start":{"line":107,"column":22},"end":{"line":107,"column":94}},{"start":{"line":108,"column":22},"end":{"line":108,"column":43}}],"line":106},"6":{"loc":{"start":{"line":119,"column":28},"end":{"line":119,"column":41}},"type":"binary-expr","locations":[{"start":{"line":119,"column":28},"end":{"line":119,"column":33}},{"start":{"line":119,"column":37},"end":{"line":119,"column":41}}],"line":119}},"s":{"0":1,"1":0,"2":0,"3":0,"4":0,"5":0,"6":0,"7":0,"8":0,"9":0,"10":0,"11":0,"12":0,"13":0,"14":0,"15":0,"16":0,"17":0,"18":0,"19":0,"20":0,"21":0,"22":0,"23":0,"24":0,"25":0,"26":0,"27":0,"28":0,"29":0,"30":0,"31":0,"32":0,"33":0,"34":0,"35":0,"36":0,"37":0,"38":0},"f":{"0":0,"1":0,"2":0,"3":0,"4":0,"5":0,"6":0,"7":0,"8":0,"9":0,"10":0,"11":0,"12":0},"b":{"0":[0,0],"1":[0,0],"2":[0,0],"3":[0,0],"4":[0,0],"5":[0,0],"6":[0,0]},"_coverageSchema":"43e27e138ebf9cfc5966b082cf9a028302ed4184","hash":"8b429387c1b97c6d42a8ef315959abdf6e81e680"}
,"C:\\Users\\ricar.DESKTOP-31GJDR8\\Desktop\\react projects\\react-movie-db\\src\\pages\\Movies.jsx": {"path":"C:\\Users\\ricar.DESKTOP-31GJDR8\\Desktop\\react projects\\react-movie-db\\src\\pages\\Movies.jsx","statementMap":{"0":{"start":{"line":9,"column":15},"end":{"line":50,"column":1}},"1":{"start":{"line":10,"column":28},"end":{"line":10,"column":54}},"2":{"start":{"line":12,"column":34},"end":{"line":12,"column":53}},"3":{"start":{"line":15,"column":12},"end":{"line":15,"column":22}},"4":{"start":{"line":16,"column":14},"end":{"line":16,"column":29}},"5":{"start":{"line":17,"column":2},"end":{"line":19,"column":3}},"6":{"start":{"line":18,"column":4},"end":{"line":18,"column":20}},"7":{"start":{"line":21,"column":22},"end":{"line":24,"column":3}},"8":{"start":{"line":22,"column":4},"end":{"line":22,"column":26}},"9":{"start":{"line":23,"column":4},"end":{"line":23,"column":22}},"10":{"start":{"line":26,"column":2},"end":{"line":49,"column":4}},"11":{"start":{"line":33,"column":27},"end":{"line":33,"column":74}},"12":{"start":{"line":40,"column":27},"end":{"line":40,"column":71}},"13":{"start":{"line":54,"column":0},"end":{"line":56,"column":2}}},"fnMap":{"0":{"name":"(anonymous_0)","decl":{"start":{"line":9,"column":15},"end":{"line":9,"column":16}},"loc":{"start":{"line":9,"column":30},"end":{"line":50,"column":1}},"line":9},"1":{"name":"(anonymous_1)","decl":{"start":{"line":21,"column":22},"end":{"line":21,"column":23}},"loc":{"start":{"line":21,"column":56},"end":{"line":24,"column":3}},"line":21},"2":{"name":"(anonymous_2)","decl":{"start":{"line":33,"column":21},"end":{"line":33,"column":22}},"loc":{"start":{"line":33,"column":27},"end":{"line":33,"column":74}},"line":33},"3":{"name":"(anonymous_3)","decl":{"start":{"line":40,"column":21},"end":{"line":40,"column":22}},"loc":{"start":{"line":40,"column":27},"end":{"line":40,"column":71}},"line":40}},"branchMap":{"0":{"loc":{"start":{"line":17,"column":2},"end":{"line":19,"column":3}},"type":"if","locations":[{"start":{"line":17,"column":2},"end":{"line":19,"column":3}},{"start":{"line":17,"column":2},"end":{"line":19,"column":3}}],"line":17}},"s":{"0":1,"1":0,"2":0,"3":0,"4":0,"5":0,"6":0,"7":0,"8":0,"9":0,"10":0,"11":0,"12":0,"13":1},"f":{"0":0,"1":0,"2":0,"3":0},"b":{"0":[0,0]},"_coverageSchema":"43e27e138ebf9cfc5966b082cf9a028302ed4184","hash":"c140c4f3927feea413e6ccff091ad380e28891ea"}
,"C:\\Users\\ricar.DESKTOP-31GJDR8\\Desktop\\react projects\\react-movie-db\\src\\pages\\NotFound.jsx": {"path":"C:\\Users\\ricar.DESKTOP-31GJDR8\\Desktop\\react projects\\react-movie-db\\src\\pages\\NotFound.jsx","statementMap":{"0":{"start":{"line":6,"column":17},"end":{"line":15,"column":1}},"1":{"start":{"line":7,"column":2},"end":{"line":14,"column":4}}},"fnMap":{"0":{"name":"(anonymous_0)","decl":{"start":{"line":6,"column":17},"end":{"line":6,"column":18}},"loc":{"start":{"line":6,"column":23},"end":{"line":15,"column":1}},"line":6}},"branchMap":{},"s":{"0":1,"1":0},"f":{"0":0},"b":{},"_coverageSchema":"43e27e138ebf9cfc5966b082cf9a028302ed4184","hash":"04005a6127e9fd0c1429b67ec891a63e97bfecca"}
,"C:\\Users\\ricar.DESKTOP-31GJDR8\\Desktop\\react projects\\react-movie-db\\src\\pages\\SingleShow.jsx": {"path":"C:\\Users\\ricar.DESKTOP-31GJDR8\\Desktop\\react projects\\react-movie-db\\src\\pages\\SingleShow.jsx","statementMap":{"0":{"start":{"line":15,"column":19},"end":{"line":145,"column":1}},"1":{"start":{"line":16,"column":17},"end":{"line":16,"column":52}},"2":{"start":{"line":17,"column":20},"end":{"line":17,"column":29}},"3":{"start":{"line":18,"column":13},"end":{"line":18,"column":22}},"4":{"start":{"line":20,"column":26},"end":{"line":20,"column":38}},"5":{"start":{"line":21,"column":26},"end":{"line":21,"column":38}},"6":{"start":{"line":22,"column":38},"end":{"line":22,"column":50}},"7":{"start":{"line":24,"column":20},"end":{"line":29,"column":21}},"8":{"start":{"line":25,"column":16},"end":{"line":25,"column":52}},"9":{"start":{"line":26,"column":21},"end":{"line":26,"column":24}},"10":{"start":{"line":28,"column":4},"end":{"line":28,"column":18}},"11":{"start":{"line":31,"column":20},"end":{"line":36,"column":21}},"12":{"start":{"line":32,"column":16},"end":{"line":32,"column":46}},"13":{"start":{"line":33,"column":21},"end":{"line":33,"column":24}},"14":{"start":{"line":34,"column":4},"end":{"line":34,"column":59}},"15":{"start":{"line":34,"column":46},"end":{"line":34,"column":56}},"16":{"start":{"line":35,"column":4},"end":{"line":35,"column":65}},"17":{"start":{"line":35,"column":52},"end":{"line":35,"column":62}},"18":{"start":{"line":39,"column":2},"end":{"line":42,"column":29}},"19":{"start":{"line":40,"column":4},"end":{"line":40,"column":16}},"20":{"start":{"line":41,"column":4},"end":{"line":41,"column":16}},"21":{"start":{"line":58,"column":6},"end":{"line":58,"column":10}},"22":{"start":{"line":61,"column":19},"end":{"line":61,"column":69}},"23":{"start":{"line":61,"column":50},"end":{"line":61,"column":68}},"24":{"start":{"line":64,"column":21},"end":{"line":68,"column":3}},"25":{"start":{"line":65,"column":4},"end":{"line":65,"column":46}},"26":{"start":{"line":65,"column":28},"end":{"line":65,"column":46}},"27":{"start":{"line":66,"column":4},"end":{"line":66,"column":53}},"28":{"start":{"line":66,"column":28},"end":{"line":66,"column":53}},"29":{"start":{"line":67,"column":4},"end":{"line":67,"column":25}},"30":{"start":{"line":70,"column":2},"end":{"line":72,"column":3}},"31":{"start":{"line":71,"column":4},"end":{"line":71,"column":23}},"32":{"start":{"line":74,"column":2},"end":{"line":144,"column":4}},"33":{"start":{"line":98,"column":16},"end":{"line":98,"column":42}},"34":{"start":{"line":120,"column":16},"end":{"line":125,"column":18}},"35":{"start":{"line":128,"column":37},"end":{"line":128,"column":55}},"36":{"start":{"line":130,"column":18},"end":{"line":135,"column":20}}},"fnMap":{"0":{"name":"(anonymous_0)","decl":{"start":{"line":15,"column":19},"end":{"line":15,"column":20}},"loc":{"start":{"line":15,"column":25},"end":{"line":145,"column":1}},"line":15},"1":{"name":"(anonymous_1)","decl":{"start":{"line":24,"column":32},"end":{"line":24,"column":33}},"loc":{"start":{"line":24,"column":44},"end":{"line":29,"column":3}},"line":24},"2":{"name":"(anonymous_2)","decl":{"start":{"line":31,"column":32},"end":{"line":31,"column":33}},"loc":{"start":{"line":31,"column":44},"end":{"line":36,"column":3}},"line":31},"3":{"name":"(anonymous_3)","decl":{"start":{"line":34,"column":29},"end":{"line":34,"column":30}},"loc":{"start":{"line":34,"column":46},"end":{"line":34,"column":56}},"line":34},"4":{"name":"(anonymous_4)","decl":{"start":{"line":35,"column":35},"end":{"line":35,"column":36}},"loc":{"start":{"line":35,"column":52},"end":{"line":35,"column":62}},"line":35},"5":{"name":"(anonymous_5)","decl":{"start":{"line":39,"column":12},"end":{"line":39,"column":13}},"loc":{"start":{"line":39,"column":18},"end":{"line":42,"column":3}},"line":39},"6":{"name":"(anonymous_6)","decl":{"start":{"line":61,"column":37},"end":{"line":61,"column":38}},"loc":{"start":{"line":61,"column":50},"end":{"line":61,"column":68}},"line":61},"7":{"name":"(anonymous_7)","decl":{"start":{"line":64,"column":21},"end":{"line":64,"column":22}},"loc":{"start":{"line":64,"column":45},"end":{"line":68,"column":3}},"line":64},"8":{"name":"(anonymous_8)","decl":{"start":{"line":97,"column":26},"end":{"line":97,"column":27}},"loc":{"start":{"line":98,"column":16},"end":{"line":98,"column":42}},"line":98},"9":{"name":"(anonymous_9)","decl":{"start":{"line":119,"column":28},"end":{"line":119,"column":29}},"loc":{"start":{"line":119,"column":72},"end":{"line":126,"column":15}},"line":119},"10":{"name":"(anonymous_10)","decl":{"start":{"line":128,"column":24},"end":{"line":128,"column":25}},"loc":{"start":{"line":128,"column":37},"end":{"line":128,"column":55}},"line":128},"11":{"name":"(anonymous_11)","decl":{"start":{"line":129,"column":21},"end":{"line":129,"column":22}},"loc":{"start":{"line":129,"column":52},"end":{"line":136,"column":17}},"line":129}},"branchMap":{"0":{"loc":{"start":{"line":65,"column":4},"end":{"line":65,"column":46}},"type":"if","locations":[{"start":{"line":65,"column":4},"end":{"line":65,"column":46}},{"start":{"line":65,"column":4},"end":{"line":65,"column":46}}],"line":65},"1":{"loc":{"start":{"line":66,"column":4},"end":{"line":66,"column":53}},"type":"if","locations":[{"start":{"line":66,"column":4},"end":{"line":66,"column":53}},{"start":{"line":66,"column":4},"end":{"line":66,"column":53}}],"line":66},"2":{"loc":{"start":{"line":70,"column":2},"end":{"line":72,"column":3}},"type":"if","locations":[{"start":{"line":70,"column":2},"end":{"line":72,"column":3}},{"start":{"line":70,"column":2},"end":{"line":72,"column":3}}],"line":70},"3":{"loc":{"start":{"line":92,"column":18},"end":{"line":92,"column":31}},"type":"binary-expr","locations":[{"start":{"line":92,"column":18},"end":{"line":92,"column":23}},{"start":{"line":92,"column":27},"end":{"line":92,"column":31}}],"line":92},"4":{"loc":{"start":{"line":96,"column":19},"end":{"line":96,"column":46}},"type":"binary-expr","locations":[{"start":{"line":96,"column":19},"end":{"line":96,"column":30}},{"start":{"line":96,"column":34},"end":{"line":96,"column":46}}],"line":96},"5":{"loc":{"start":{"line":100,"column":22},"end":{"line":100,"column":47}},"type":"binary-expr","locations":[{"start":{"line":100,"column":22},"end":{"line":100,"column":29}},{"start":{"line":100,"column":33},"end":{"line":100,"column":47}}],"line":100},"6":{"loc":{"start":{"line":102,"column":13},"end":{"line":102,"column":66}},"type":"cond-expr","locations":[{"start":{"line":102,"column":23},"end":{"line":102,"column":61}},{"start":{"line":102,"column":64},"end":{"line":102,"column":66}}],"line":102}},"s":{"0":1,"1":0,"2":0,"3":0,"4":0,"5":0,"6":0,"7":0,"8":0,"9":0,"10":0,"11":0,"12":0,"13":0,"14":0,"15":0,"16":0,"17":0,"18":0,"19":0,"20":0,"21":0,"22":0,"23":0,"24":0,"25":0,"26":0,"27":0,"28":0,"29":0,"30":0,"31":0,"32":0,"33":0,"34":0,"35":0,"36":0},"f":{"0":0,"1":0,"2":0,"3":0,"4":0,"5":0,"6":0,"7":0,"8":0,"9":0,"10":0,"11":0},"b":{"0":[0,0],"1":[0,0],"2":[0,0],"3":[0,0],"4":[0,0],"5":[0,0],"6":[0,0]},"_coverageSchema":"43e27e138ebf9cfc5966b082cf9a028302ed4184","hash":"54ef927a81770790bd6d2797323e665780c710d0"}
,"C:\\Users\\ricar.DESKTOP-31GJDR8\\Desktop\\react projects\\react-movie-db\\src\\utils\\colorPicker.js": {"path":"C:\\Users\\ricar.DESKTOP-31GJDR8\\Desktop\\react projects\\react-movie-db\\src\\utils\\colorPicker.js","statementMap":{"0":{"start":{"line":2,"column":2},"end":{"line":2,"column":38}},"1":{"start":{"line":2,"column":21},"end":{"line":2,"column":38}},"2":{"start":{"line":3,"column":2},"end":{"line":3,"column":38}},"3":{"start":{"line":3,"column":21},"end":{"line":3,"column":38}},"4":{"start":{"line":4,"column":2},"end":{"line":4,"column":15}}},"fnMap":{"0":{"name":"(anonymous_0)","decl":{"start":{"line":1,"column":15},"end":{"line":1,"column":16}},"loc":{"start":{"line":1,"column":27},"end":{"line":5,"column":1}},"line":1}},"branchMap":{"0":{"loc":{"start":{"line":2,"column":2},"end":{"line":2,"column":38}},"type":"if","locations":[{"start":{"line":2,"column":2},"end":{"line":2,"column":38}},{"start":{"line":2,"column":2},"end":{"line":2,"column":38}}],"line":2},"1":{"loc":{"start":{"line":3,"column":2},"end":{"line":3,"column":38}},"type":"if","locations":[{"start":{"line":3,"column":2},"end":{"line":3,"column":38}},{"start":{"line":3,"column":2},"end":{"line":3,"column":38}}],"line":3}},"s":{"0":0,"1":0,"2":0,"3":0,"4":0},"f":{"0":0},"b":{"0":[0,0],"1":[0,0]},"_coverageSchema":"43e27e138ebf9cfc5966b082cf9a028302ed4184","hash":"0f4e948a64d3bec72491c87a94d88e3177b0381f"}
,"C:\\Users\\ricar.DESKTOP-31GJDR8\\Desktop\\react projects\\react-movie-db\\src\\utils\\fetchData.jsx": {"path":"C:\\Users\\ricar.DESKTOP-31GJDR8\\Desktop\\react projects\\react-movie-db\\src\\utils\\fetchData.jsx","statementMap":{"0":{"start":{"line":3,"column":29},"end":{"line":14,"column":1}},"1":{"start":{"line":4,"column":2},"end":{"line":13,"column":3}},"2":{"start":{"line":5,"column":16},"end":{"line":8,"column":6}},"3":{"start":{"line":9,"column":4},"end":{"line":9,"column":15}},"4":{"start":{"line":12,"column":4},"end":{"line":12,"column":25}},"5":{"start":{"line":16,"column":24},"end":{"line":27,"column":1}},"6":{"start":{"line":17,"column":2},"end":{"line":26,"column":3}},"7":{"start":{"line":18,"column":16},"end":{"line":21,"column":6}},"8":{"start":{"line":22,"column":4},"end":{"line":22,"column":15}},"9":{"start":{"line":25,"column":4},"end":{"line":25,"column":25}},"10":{"start":{"line":29,"column":31},"end":{"line":40,"column":1}},"11":{"start":{"line":30,"column":2},"end":{"line":39,"column":3}},"12":{"start":{"line":31,"column":16},"end":{"line":34,"column":6}},"13":{"start":{"line":35,"column":4},"end":{"line":35,"column":15}},"14":{"start":{"line":38,"column":4},"end":{"line":38,"column":25}},"15":{"start":{"line":42,"column":25},"end":{"line":53,"column":1}},"16":{"start":{"line":43,"column":2},"end":{"line":52,"column":3}},"17":{"start":{"line":44,"column":16},"end":{"line":47,"column":6}},"18":{"start":{"line":48,"column":4},"end":{"line":48,"column":15}},"19":{"start":{"line":51,"column":4},"end":{"line":51,"column":25}},"20":{"start":{"line":55,"column":31},"end":{"line":66,"column":1}},"21":{"start":{"line":56,"column":2},"end":{"line":65,"column":3}},"22":{"start":{"line":57,"column":16},"end":{"line":60,"column":6}},"23":{"start":{"line":61,"column":4},"end":{"line":61,"column":15}},"24":{"start":{"line":64,"column":4},"end":{"line":64,"column":25}},"25":{"start":{"line":68,"column":29},"end":{"line":79,"column":1}},"26":{"start":{"line":69,"column":2},"end":{"line":78,"column":3}},"27":{"start":{"line":70,"column":16},"end":{"line":73,"column":6}},"28":{"start":{"line":74,"column":4},"end":{"line":74,"column":15}},"29":{"start":{"line":77,"column":4},"end":{"line":77,"column":25}},"30":{"start":{"line":81,"column":36},"end":{"line":92,"column":1}},"31":{"start":{"line":82,"column":2},"end":{"line":91,"column":3}},"32":{"start":{"line":83,"column":16},"end":{"line":86,"column":6}},"33":{"start":{"line":87,"column":4},"end":{"line":87,"column":15}},"34":{"start":{"line":90,"column":4},"end":{"line":90,"column":25}}},"fnMap":{"0":{"name":"(anonymous_0)","decl":{"start":{"line":3,"column":29},"end":{"line":3,"column":30}},"loc":{"start":{"line":3,"column":49},"end":{"line":14,"column":1}},"line":3},"1":{"name":"(anonymous_1)","decl":{"start":{"line":16,"column":24},"end":{"line":16,"column":25}},"loc":{"start":{"line":16,"column":44},"end":{"line":27,"column":1}},"line":16},"2":{"name":"(anonymous_2)","decl":{"start":{"line":29,"column":31},"end":{"line":29,"column":32}},"loc":{"start":{"line":29,"column":56},"end":{"line":40,"column":1}},"line":29},"3":{"name":"(anonymous_3)","decl":{"start":{"line":42,"column":25},"end":{"line":42,"column":26}},"loc":{"start":{"line":42,"column":50},"end":{"line":53,"column":1}},"line":42},"4":{"name":"(anonymous_4)","decl":{"start":{"line":55,"column":31},"end":{"line":55,"column":32}},"loc":{"start":{"line":55,"column":58},"end":{"line":66,"column":1}},"line":55},"5":{"name":"(anonymous_5)","decl":{"start":{"line":68,"column":29},"end":{"line":68,"column":30}},"loc":{"start":{"line":68,"column":66},"end":{"line":79,"column":1}},"line":68},"6":{"name":"(anonymous_6)","decl":{"start":{"line":81,"column":36},"end":{"line":81,"column":37}},"loc":{"start":{"line":81,"column":67},"end":{"line":92,"column":1}},"line":81}},"branchMap":{"0":{"loc":{"start":{"line":3,"column":36},"end":{"line":3,"column":44}},"type":"default-arg","locations":[{"start":{"line":3,"column":42},"end":{"line":3,"column":44}}],"line":3},"1":{"loc":{"start":{"line":16,"column":31},"end":{"line":16,"column":39}},"type":"default-arg","locations":[{"start":{"line":16,"column":37},"end":{"line":16,"column":39}}],"line":16}},"s":{"0":2,"1":1,"2":1,"3":0,"4":0,"5":2,"6":0,"7":0,"8":0,"9":0,"10":2,"11":0,"12":0,"13":0,"14":0,"15":2,"16":0,"17":0,"18":0,"19":0,"20":2,"21":0,"22":0,"23":0,"24":0,"25":2,"26":0,"27":0,"28":0,"29":0,"30":2,"31":0,"32":0,"33":0,"34":0},"f":{"0":1,"1":0,"2":0,"3":0,"4":0,"5":0,"6":0},"b":{"0":[0],"1":[0]},"_coverageSchema":"43e27e138ebf9cfc5966b082cf9a028302ed4184","hash":"546a5cae7a8d450d9aa115ac326705e952fef4a1"}
,"C:\\Users\\ricar.DESKTOP-31GJDR8\\Desktop\\react projects\\react-movie-db\\src\\utils\\url.js": {"path":"C:\\Users\\ricar.DESKTOP-31GJDR8\\Desktop\\react projects\\react-movie-db\\src\\utils\\url.js","statementMap":{"0":{"start":{"line":1,"column":29},"end":{"line":1,"column":63}},"1":{"start":{"line":2,"column":24},"end":{"line":2,"column":62}}},"fnMap":{},"branchMap":{},"s":{"0":2,"1":2},"f":{},"b":{},"_coverageSchema":"43e27e138ebf9cfc5966b082cf9a028302ed4184","hash":"1a0a45578b0def9e8a7c007433117079c9c2ee12"}
}
