TN:
SF:C:\Users\ricar.DESKTOP-31GJDR8\Desktop\react projects\react-movie-db\src\App.jsx
FN:16,(anonymous_0)
FNF:1
FNH:1
FNDA:1,(anonymous_0)
DA:16,1
DA:17,1
LF:2
LH:2
BRF:0
BRH:0
end_of_record
TN:
SF:C:\Users\ricar.DESKTOP-31GJDR8\Desktop\react projects\react-movie-db\src\index.jsx
FNF:0
FNH:0
DA:10,0
LF:1
LH:0
BRF:0
BRH:0
end_of_record
TN:
SF:C:\Users\ricar.DESKTOP-31GJDR8\Desktop\react projects\react-movie-db\src\test.jsx
FN:3,Test
FNF:1
FNH:0
FNDA:0,Test
DA:4,0
LF:1
LH:0
BRF:0
BRH:0
end_of_record
TN:
SF:C:\Users\ricar.DESKTOP-31GJDR8\Desktop\react projects\react-movie-db\src\components\Carousel\Carousel.jsx
FN:13,(anonymous_0)
FN:18,(anonymous_1)
FN:26,(anonymous_2)
FN:30,(anonymous_3)
FN:42,(anonymous_4)
FN:43,(anonymous_5)
FN:46,(anonymous_6)
FN:59,(anonymous_7)
FN:89,(anonymous_8)
FN:96,(anonymous_9)
FNF:10
FNH:0
FNDA:0,(anonymous_0)
FNDA:0,(anonymous_1)
FNDA:0,(anonymous_2)
FNDA:0,(anonymous_3)
FNDA:0,(anonymous_4)
FNDA:0,(anonymous_5)
FNDA:0,(anonymous_6)
FNDA:0,(anonymous_7)
FNDA:0,(anonymous_8)
FNDA:0,(anonymous_9)
DA:13,1
DA:14,0
DA:15,0
DA:17,0
DA:19,0
DA:20,0
DA:21,0
DA:26,0
DA:27,0
DA:30,0
DA:31,0
DA:32,0
DA:33,0
DA:34,0
DA:36,0
DA:37,0
DA:42,0
DA:43,0
DA:44,0
DA:46,0
DA:47,0
DA:51,0
DA:52,0
DA:55,0
DA:60,0
DA:62,0
DA:66,0
DA:67,0
DA:68,0
DA:70,0
DA:74,0
DA:77,0
DA:89,0
DA:96,0
DA:107,1
LF:35
LH:2
BRDA:18,0,0,0
BRDA:31,1,0,0
BRDA:31,1,1,0
BRDA:33,2,0,0
BRDA:33,2,1,0
BRDA:36,3,0,0
BRDA:36,3,1,0
BRDA:51,4,0,0
BRDA:51,4,1,0
BRDA:62,5,0,0
BRDA:62,5,1,0
BRDA:67,6,0,0
BRDA:67,6,1,0
BRDA:70,7,0,0
BRDA:70,7,1,0
BRDA:71,8,0,0
BRDA:71,8,1,0
BRDA:71,8,2,0
BRF:18
BRH:0
end_of_record
TN:
SF:C:\Users\ricar.DESKTOP-31GJDR8\Desktop\react projects\react-movie-db\src\components\Cast\Cast.jsx
FN:9,(anonymous_0)
FN:14,(anonymous_1)
FNF:2
FNH:0
FNDA:0,(anonymous_0)
FNDA:0,(anonymous_1)
DA:9,1
DA:10,0
DA:16,0
DA:20,0
DA:33,1
LF:5
LH:2
BRDA:16,0,0,0
BRDA:16,0,1,0
BRF:2
BRH:0
end_of_record
TN:
SF:C:\Users\ricar.DESKTOP-31GJDR8\Desktop\react projects\react-movie-db\src\components\Featured\Featured.jsx
FN:13,(anonymous_0)
FN:18,(anonymous_1)
FN:27,(anonymous_2)
FN:44,(anonymous_3)
FN:53,(anonymous_4)
FN:61,(anonymous_5)
FNF:6
FNH:3
FNDA:1,(anonymous_0)
FNDA:1,(anonymous_1)
FNDA:1,(anonymous_2)
FNDA:0,(anonymous_3)
FNDA:0,(anonymous_4)
FNDA:0,(anonymous_5)
DA:13,2
DA:14,1
DA:15,1
DA:17,1
DA:19,1
DA:20,0
DA:21,0
DA:22,0
DA:27,1
DA:28,1
DA:31,1
DA:32,1
DA:34,0
DA:44,0
DA:53,0
DA:72,0
DA:76,0
DA:95,2
LF:18
LH:10
BRDA:18,0,0,1
BRDA:31,1,0,1
BRDA:31,1,1,0
BRDA:43,2,0,0
BRDA:43,2,1,0
BRDA:52,3,0,0
BRDA:52,3,1,0
BRDA:72,4,0,0
BRDA:72,4,1,0
BRDA:79,5,0,0
BRDA:79,5,1,0
BRDA:82,6,0,0
BRDA:82,6,1,0
BRF:13
BRH:2
end_of_record
TN:
SF:C:\Users\ricar.DESKTOP-31GJDR8\Desktop\react projects\react-movie-db\src\components\Footer\Footer.jsx
FN:5,(anonymous_0)
FNF:1
FNH:0
FNDA:0,(anonymous_0)
DA:5,1
DA:6,0
LF:2
LH:1
BRF:0
BRH:0
end_of_record
TN:
SF:C:\Users\ricar.DESKTOP-31GJDR8\Desktop\react projects\react-movie-db\src\components\Loading\Loading.jsx
FN:7,(anonymous_0)
FNF:1
FNH:1
FNDA:1,(anonymous_0)
DA:7,2
DA:8,1
LF:2
LH:2
BRF:0
BRH:0
end_of_record
TN:
SF:C:\Users\ricar.DESKTOP-31GJDR8\Desktop\react projects\react-movie-db\src\components\Navbar\Navbar.jsx
FN:8,(anonymous_0)
FNF:1
FNH:0
FNDA:0,(anonymous_0)
DA:8,1
DA:10,0
DA:12,0
DA:14,0
LF:4
LH:1
BRDA:12,0,0,0
BRDA:12,0,1,0
BRF:2
BRH:0
end_of_record
TN:
SF:C:\Users\ricar.DESKTOP-31GJDR8\Desktop\react projects\react-movie-db\src\components\NowPlaying\NowPlaying.jsx
FN:13,(anonymous_0)
FN:18,(anonymous_1)
FN:27,(anonymous_2)
FN:43,(anonymous_3)
FN:51,(anonymous_4)
FN:59,(anonymous_5)
FNF:6
FNH:0
FNDA:0,(anonymous_0)
FNDA:0,(anonymous_1)
FNDA:0,(anonymous_2)
FNDA:0,(anonymous_3)
FNDA:0,(anonymous_4)
FNDA:0,(anonymous_5)
DA:13,1
DA:14,0
DA:15,0
DA:17,0
DA:19,0
DA:20,0
DA:21,0
DA:22,0
DA:27,0
DA:28,0
DA:31,0
DA:32,0
DA:34,0
DA:43,0
DA:51,0
DA:69,0
DA:73,0
DA:96,1
LF:18
LH:2
BRDA:18,0,0,0
BRDA:18,1,0,0
BRDA:31,2,0,0
BRDA:31,2,1,0
BRDA:42,3,0,0
BRDA:42,3,1,0
BRDA:50,4,0,0
BRDA:50,4,1,0
BRDA:69,5,0,0
BRDA:69,5,1,0
BRDA:80,6,0,0
BRDA:80,6,1,0
BRDA:83,7,0,0
BRDA:83,7,1,0
BRF:14
BRH:0
end_of_record
TN:
SF:C:\Users\ricar.DESKTOP-31GJDR8\Desktop\react projects\react-movie-db\src\components\Popular\Popular.jsx
FN:14,(anonymous_0)
FN:18,(anonymous_1)
FN:26,(anonymous_2)
FN:38,(anonymous_3)
FNF:4
FNH:0
FNDA:0,(anonymous_0)
FNDA:0,(anonymous_1)
FNDA:0,(anonymous_2)
FNDA:0,(anonymous_3)
DA:14,1
DA:15,0
DA:17,0
DA:19,0
DA:20,0
DA:21,0
DA:26,0
DA:27,0
DA:30,0
DA:31,0
DA:33,0
DA:48,0
DA:52,0
DA:71,1
LF:14
LH:2
BRDA:18,0,0,0
BRDA:30,1,0,0
BRDA:30,1,1,0
BRDA:48,2,0,0
BRDA:48,2,1,0
BRDA:55,3,0,0
BRDA:55,3,1,0
BRDA:58,4,0,0
BRDA:58,4,1,0
BRF:9
BRH:0
end_of_record
TN:
SF:C:\Users\ricar.DESKTOP-31GJDR8\Desktop\react projects\react-movie-db\src\components\SingleMovieOld\SingleMovie.jsx
FN:9,(anonymous_0)
FN:15,(anonymous_1)
FN:35,(anonymous_2)
FNF:3
FNH:0
FNDA:0,(anonymous_0)
FNDA:0,(anonymous_1)
FNDA:0,(anonymous_2)
DA:9,0
DA:10,0
DA:11,0
DA:12,0
DA:13,0
DA:15,0
DA:16,0
DA:18,0
DA:20,0
DA:21,0
DA:22,0
DA:23,0
DA:24,0
DA:25,0
DA:27,0
DA:29,0
DA:31,0
DA:35,0
DA:36,0
DA:39,0
DA:40,0
DA:43,0
DA:44,0
DA:65,0
DA:67,0
LF:25
LH:0
BRDA:23,0,0,0
BRDA:23,0,1,0
BRDA:39,1,0,0
BRDA:39,1,1,0
BRDA:43,2,0,0
BRDA:43,2,1,0
BRDA:84,3,0,0
BRDA:84,3,1,0
BRDA:86,4,0,0
BRDA:86,4,1,0
BRDA:91,5,0,0
BRDA:91,5,1,0
BRDA:93,6,0,0
BRDA:93,6,1,0
BRDA:98,7,0,0
BRDA:98,7,1,0
BRDA:100,8,0,0
BRDA:100,8,1,0
BRDA:105,9,0,0
BRDA:105,9,1,0
BRDA:107,10,0,0
BRDA:107,10,1,0
BRDA:112,11,0,0
BRDA:112,11,1,0
BRDA:114,12,0,0
BRDA:114,12,1,0
BRF:26
BRH:0
end_of_record
TN:
SF:C:\Users\ricar.DESKTOP-31GJDR8\Desktop\react projects\react-movie-db\src\components\searchMoviesOld\searchMovies.jsx
FN:7,SearchMovies
FN:14,(anonymous_1)
FN:35,(anonymous_2)
FN:36,(anonymous_3)
FN:40,(anonymous_4)
FN:43,(anonymous_5)
FN:48,(anonymous_6)
FN:49,(anonymous_7)
FN:50,(anonymous_8)
FN:58,(anonymous_9)
FN:94,(anonymous_10)
FNF:11
FNH:0
FNDA:0,SearchMovies
FNDA:0,(anonymous_1)
FNDA:0,(anonymous_2)
FNDA:0,(anonymous_3)
FNDA:0,(anonymous_4)
FNDA:0,(anonymous_5)
FNDA:0,(anonymous_6)
FNDA:0,(anonymous_7)
FNDA:0,(anonymous_8)
FNDA:0,(anonymous_9)
FNDA:0,(anonymous_10)
DA:8,0
DA:9,0
DA:10,0
DA:12,0
DA:14,0
DA:15,0
DA:17,0
DA:19,0
DA:20,0
DA:21,0
DA:23,0
DA:24,0
DA:25,0
DA:27,0
DA:29,0
DA:31,0
DA:35,0
DA:36,0
DA:37,0
DA:40,0
DA:43,0
DA:44,0
DA:48,0
DA:49,0
DA:50,0
DA:51,0
DA:52,0
DA:57,0
DA:58,0
DA:60,0
DA:65,0
DA:66,0
DA:68,0
DA:95,0
DA:97,0
DA:100,0
LF:36
LH:0
BRDA:23,0,0,0
BRDA:23,0,1,0
BRDA:51,1,0,0
BRDA:51,1,1,0
BRDA:51,2,0,0
BRDA:51,2,1,0
BRDA:72,3,0,0
BRDA:72,3,1,0
BRDA:72,4,0,0
BRDA:72,4,1,0
BRDA:86,5,0,0
BRDA:86,5,1,0
BRDA:86,6,0,0
BRDA:86,6,1,0
BRDA:91,7,0,0
BRDA:91,7,1,0
BRDA:97,8,0,0
BRDA:97,8,1,0
BRF:18
BRH:0
end_of_record
TN:
SF:C:\Users\ricar.DESKTOP-31GJDR8\Desktop\react projects\react-movie-db\src\context\navbar.context.jsx
FN:8,(anonymous_0)
FN:15,(anonymous_1)
FN:21,(anonymous_2)
FNF:3
FNH:0
FNDA:0,(anonymous_0)
FNDA:0,(anonymous_1)
FNDA:0,(anonymous_2)
DA:6,1
DA:8,1
DA:9,0
DA:13,0
DA:15,0
DA:16,0
DA:21,0
DA:22,0
DA:27,0
LF:9
LH:2
BRF:0
BRH:0
end_of_record
TN:
SF:C:\Users\ricar.DESKTOP-31GJDR8\Desktop\react projects\react-movie-db\src\context\useReducer\navbar\navbar-actions.js
FNF:0
FNH:0
DA:1,1
DA:2,1
LF:2
LH:2
BRF:0
BRH:0
end_of_record
TN:
SF:C:\Users\ricar.DESKTOP-31GJDR8\Desktop\react projects\react-movie-db\src\context\useReducer\navbar\navbar-reducer.jsx
FN:3,(anonymous_0)
FNF:1
FNH:0
FNDA:0,(anonymous_0)
DA:3,1
DA:4,0
DA:6,0
DA:11,0
DA:16,0
LF:5
LH:1
BRDA:4,0,0,0
BRDA:4,0,1,0
BRDA:4,0,2,0
BRF:3
BRH:0
end_of_record
TN:
SF:C:\Users\ricar.DESKTOP-31GJDR8\Desktop\react projects\react-movie-db\src\pages\Home.jsx
FN:13,(anonymous_0)
FN:20,(anonymous_1)
FN:26,(anonymous_2)
FN:34,(anonymous_3)
FN:38,(anonymous_4)
FN:39,(anonymous_5)
FN:43,(anonymous_6)
FN:46,(anonymous_7)
FN:51,(anonymous_8)
FN:52,(anonymous_9)
FN:53,(anonymous_10)
FN:61,(anonymous_11)
FN:98,(anonymous_12)
FNF:13
FNH:0
FNDA:0,(anonymous_0)
FNDA:0,(anonymous_1)
FNDA:0,(anonymous_2)
FNDA:0,(anonymous_3)
FNDA:0,(anonymous_4)
FNDA:0,(anonymous_5)
FNDA:0,(anonymous_6)
FNDA:0,(anonymous_7)
FNDA:0,(anonymous_8)
FNDA:0,(anonymous_9)
FNDA:0,(anonymous_10)
FNDA:0,(anonymous_11)
FNDA:0,(anonymous_12)
DA:13,1
DA:14,0
DA:15,0
DA:16,0
DA:18,0
DA:20,0
DA:21,0
DA:22,0
DA:23,0
DA:26,0
DA:27,0
DA:28,0
DA:29,0
DA:30,0
DA:34,0
DA:35,0
DA:38,0
DA:39,0
DA:40,0
DA:43,0
DA:46,0
DA:47,0
DA:51,0
DA:52,0
DA:53,0
DA:54,0
DA:55,0
DA:60,0
DA:61,0
DA:63,0
DA:68,0
DA:69,0
DA:72,0
DA:73,0
DA:76,0
DA:105,0
DA:106,0
DA:110,0
LF:38
LH:1
BRDA:27,0,0,0
BRDA:27,0,1,0
BRDA:54,1,0,0
BRDA:54,1,1,0
BRDA:54,2,0,0
BRDA:54,2,1,0
BRDA:72,3,0,0
BRDA:72,3,1,0
BRDA:86,4,0,0
BRDA:86,4,1,0
BRDA:106,5,0,0
BRDA:106,5,1,0
BRDA:119,6,0,0
BRDA:119,6,1,0
BRF:14
BRH:0
end_of_record
TN:
SF:C:\Users\ricar.DESKTOP-31GJDR8\Desktop\react projects\react-movie-db\src\pages\Movies.jsx
FN:9,(anonymous_0)
FN:21,(anonymous_1)
FN:33,(anonymous_2)
FN:40,(anonymous_3)
FNF:4
FNH:0
FNDA:0,(anonymous_0)
FNDA:0,(anonymous_1)
FNDA:0,(anonymous_2)
FNDA:0,(anonymous_3)
DA:9,1
DA:10,0
DA:12,0
DA:15,0
DA:16,0
DA:17,0
DA:18,0
DA:21,0
DA:22,0
DA:23,0
DA:26,0
DA:33,0
DA:40,0
DA:54,1
LF:14
LH:2
BRDA:17,0,0,0
BRDA:17,0,1,0
BRF:2
BRH:0
end_of_record
TN:
SF:C:\Users\ricar.DESKTOP-31GJDR8\Desktop\react projects\react-movie-db\src\pages\NotFound.jsx
FN:6,(anonymous_0)
FNF:1
FNH:0
FNDA:0,(anonymous_0)
DA:6,1
DA:7,0
LF:2
LH:1
BRF:0
BRH:0
end_of_record
TN:
SF:C:\Users\ricar.DESKTOP-31GJDR8\Desktop\react projects\react-movie-db\src\pages\SingleShow.jsx
FN:15,(anonymous_0)
FN:24,(anonymous_1)
FN:31,(anonymous_2)
FN:34,(anonymous_3)
FN:35,(anonymous_4)
FN:39,(anonymous_5)
FN:61,(anonymous_6)
FN:64,(anonymous_7)
FN:97,(anonymous_8)
FN:119,(anonymous_9)
FN:128,(anonymous_10)
FN:129,(anonymous_11)
FNF:12
FNH:0
FNDA:0,(anonymous_0)
FNDA:0,(anonymous_1)
FNDA:0,(anonymous_2)
FNDA:0,(anonymous_3)
FNDA:0,(anonymous_4)
FNDA:0,(anonymous_5)
FNDA:0,(anonymous_6)
FNDA:0,(anonymous_7)
FNDA:0,(anonymous_8)
FNDA:0,(anonymous_9)
FNDA:0,(anonymous_10)
FNDA:0,(anonymous_11)
DA:15,1
DA:16,0
DA:17,0
DA:18,0
DA:20,0
DA:21,0
DA:22,0
DA:24,0
DA:25,0
DA:26,0
DA:28,0
DA:31,0
DA:32,0
DA:33,0
DA:34,0
DA:35,0
DA:39,0
DA:40,0
DA:41,0
DA:58,0
DA:61,0
DA:64,0
DA:65,0
DA:66,0
DA:67,0
DA:70,0
DA:71,0
DA:74,0
DA:98,0
DA:120,0
DA:128,0
DA:130,0
LF:32
LH:1
BRDA:65,0,0,0
BRDA:65,0,1,0
BRDA:66,1,0,0
BRDA:66,1,1,0
BRDA:70,2,0,0
BRDA:70,2,1,0
BRDA:92,3,0,0
BRDA:92,3,1,0
BRDA:96,4,0,0
BRDA:96,4,1,0
BRDA:100,5,0,0
BRDA:100,5,1,0
BRDA:102,6,0,0
BRDA:102,6,1,0
BRF:14
BRH:0
end_of_record
TN:
SF:C:\Users\ricar.DESKTOP-31GJDR8\Desktop\react projects\react-movie-db\src\utils\colorPicker.js
FN:1,(anonymous_0)
FNF:1
FNH:0
FNDA:0,(anonymous_0)
DA:2,0
DA:3,0
DA:4,0
LF:3
LH:0
BRDA:2,0,0,0
BRDA:2,0,1,0
BRDA:3,1,0,0
BRDA:3,1,1,0
BRF:4
BRH:0
end_of_record
TN:
SF:C:\Users\ricar.DESKTOP-31GJDR8\Desktop\react projects\react-movie-db\src\utils\fetchData.jsx
FN:3,(anonymous_0)
FN:16,(anonymous_1)
FN:29,(anonymous_2)
FN:42,(anonymous_3)
FN:55,(anonymous_4)
FN:68,(anonymous_5)
FN:81,(anonymous_6)
FNF:7
FNH:1
FNDA:1,(anonymous_0)
FNDA:0,(anonymous_1)
FNDA:0,(anonymous_2)
FNDA:0,(anonymous_3)
FNDA:0,(anonymous_4)
FNDA:0,(anonymous_5)
FNDA:0,(anonymous_6)
DA:3,2
DA:4,1
DA:5,1
DA:9,0
DA:12,0
DA:16,2
DA:17,0
DA:18,0
DA:22,0
DA:25,0
DA:29,2
DA:30,0
DA:31,0
DA:35,0
DA:38,0
DA:42,2
DA:43,0
DA:44,0
DA:48,0
DA:51,0
DA:55,2
DA:56,0
DA:57,0
DA:61,0
DA:64,0
DA:68,2
DA:69,0
DA:70,0
DA:74,0
DA:77,0
DA:81,2
DA:82,0
DA:83,0
DA:87,0
DA:90,0
LF:35
LH:9
BRDA:3,0,0,0
BRDA:16,1,0,0
BRF:2
BRH:0
end_of_record
TN:
SF:C:\Users\ricar.DESKTOP-31GJDR8\Desktop\react projects\react-movie-db\src\utils\url.js
FNF:0
FNH:0
DA:1,2
DA:2,2
LF:2
LH:2
BRF:0
BRH:0
end_of_record
